[2025-07-11 19:33:25] REQUEST recibido: Array
(
    [action] => obtener_planteles
)

[2025-07-11 19:33:25] Query planteles: SELECT id_pla, nom_pla, fec_pla FROM plantel ORDER BY nom_pla ASC
[2025-07-11 19:33:25] Planteles encontrados: 3
[2025-07-11 19:33:25] REQUEST recibido: Array
(
    [action] => obtener_ejecutivos_con_citas
)

[2025-07-11 19:33:25] Query ejecutivos con citas: SELECT e.id_eje, e.nom_eje, e.tel_eje, e.eli_eje, e.id_padre, e.id_pla, e.ult_eje,
					         p.nom_pla as plantel_principal,
					         COUNT(DISTINCT c.id_cit) as citas_propias,
					         CASE 
					             WHEN e.ult_eje IS NULL THEN 'sin_sesion'
					             WHEN e.ult_eje < DATE_SUB(NOW(), INTERVAL 1 HOUR) THEN 'inactivo'
					             WHEN e.ult_eje < DATE_SUB(NOW(), INTERVAL 30 MINUTE) THEN 'ausente'
					             ELSE 'activo'
					         END as semaforo_sesion
					  FROM ejecutivo e 
					  LEFT JOIN plantel p ON e.id_pla = p.id_pla 
					  LEFT JOIN cita c ON e.id_eje = c.id_eje2 AND c.eli_cit = 1 
					  GROUP BY e.id_eje, e.nom_eje, e.tel_eje, e.eli_eje, e.id_padre, e.id_pla, e.ult_eje, p.nom_pla
					  ORDER BY e.eli_eje DESC, e.nom_eje ASC
[2025-07-11 19:33:25] Ejecutivo ID: 9 - Citas propias: 5 - Citas hijos: 0 - Total: 5
[2025-07-11 19:33:25] Ejecutivo ID: 16 - Citas propias: 5 - Citas hijos: 0 - Total: 5
[2025-07-11 19:33:25] Ejecutivo ID: 11 - Citas propias: 5 - Citas hijos: 0 - Total: 5
[2025-07-11 19:33:25] Ejecutivo ID: 12 - Citas propias: 5 - Citas hijos: 0 - Total: 5
[2025-07-11 19:33:25] Ejecutivo ID: 14 - Citas propias: 5 - Citas hijos: 0 - Total: 5
[2025-07-11 19:33:25] Ejecutivo ID: 15 - Citas propias: 5 - Citas hijos: 5 - Total: 10
[2025-07-11 19:33:25] Ejecutivo ID: 4 - Citas propias: 5 - Citas hijos: 0 - Total: 5
[2025-07-11 19:33:25] Ejecutivo ID: 18 - Citas propias: 5 - Citas hijos: 0 - Total: 5
[2025-07-11 19:33:25] Ejecutivo ID: 6 - Citas propias: 5 - Citas hijos: 10 - Total: 15
[2025-07-11 19:33:25] Ejecutivo ID: 4 - Citas propias: 5 - Citas hijos: 0 - Total: 5
[2025-07-11 19:33:25] Ejecutivo ID: 18 - Citas propias: 5 - Citas hijos: 0 - Total: 5
[2025-07-11 19:33:25] Ejecutivo ID: 10 - Citas propias: 5 - Citas hijos: 0 - Total: 5
[2025-07-11 19:33:25] Ejecutivo ID: 2 - Citas propias: 5 - Citas hijos: 0 - Total: 5
[2025-07-11 19:33:25] Ejecutivo ID: 14 - Citas propias: 5 - Citas hijos: 0 - Total: 5
[2025-07-11 19:33:25] Ejecutivo ID: 21 - Citas propias: 5 - Citas hijos: 0 - Total: 5
[2025-07-11 19:33:25] Ejecutivo ID: 20 - Citas propias: 5 - Citas hijos: 0 - Total: 5
[2025-07-11 19:33:25] Ejecutivo ID: 13 - Citas propias: 5 - Citas hijos: 0 - Total: 5
[2025-07-11 19:33:25] Ejecutivo ID: 1 - Citas propias: 0 - Citas hijos: 0 - Total: 0
[2025-07-11 19:33:25] Ejecutivos con citas encontrados: 15
[2025-07-11 19:33:39] REQUEST recibido: Array
(
    [action] => mover_ejecutivo
    [id_eje] => 20
    [id_padre] => 21
    [id_pla] => 2
)

[2025-07-11 19:33:39] ==============================================
[2025-07-11 19:33:39] MOVER EJECUTIVO - REQUEST RECIBIDO
[2025-07-11 19:33:39] POST data completo: Array
(
    [action] => mover_ejecutivo
    [id_eje] => 20
    [id_padre] => 21
    [id_pla] => 2
)

[2025-07-11 19:33:39] Valores procesados:
[2025-07-11 19:33:39] - ID Ejecutivo: 20
[2025-07-11 19:33:39] - ID Padre: 21
[2025-07-11 19:33:39] - ID Plantel: 2
[2025-07-11 19:33:39] ANTES - Ejecutivo: Samuel Ortigoza, Padre anterior: , Plantel anterior: 2
[2025-07-11 19:33:39] NUEVO PADRE: Rodrigo Ramirez (ID: 21)
[2025-07-11 19:33:39] NUEVO PLANTEL: Plantel Naucalpan (ID: 2)
[2025-07-11 19:33:39] QUERY MOVER: UPDATE ejecutivo SET id_padre = '21', id_pla = '2' WHERE id_eje = '20'
[2025-07-11 19:33:39] VERIFICACIÓN - Nuevo padre: 21, Nuevo plantel: 2
[2025-07-11 19:33:39] EJECUTIVO MOVIDO EXITOSAMENTE
[2025-07-11 19:33:39] RESPUESTA ENVIADA: SUCCESS
[2025-07-11 19:33:39] ==============================================
[2025-07-11 19:33:39] REQUEST recibido: Array
(
    [action] => obtener_ejecutivos_con_citas
)

[2025-07-11 19:33:39] Query ejecutivos con citas: SELECT e.id_eje, e.nom_eje, e.tel_eje, e.eli_eje, e.id_padre, e.id_pla, e.ult_eje,
					         p.nom_pla as plantel_principal,
					         COUNT(DISTINCT c.id_cit) as citas_propias,
					         CASE 
					             WHEN e.ult_eje IS NULL THEN 'sin_sesion'
					             WHEN e.ult_eje < DATE_SUB(NOW(), INTERVAL 1 HOUR) THEN 'inactivo'
					             WHEN e.ult_eje < DATE_SUB(NOW(), INTERVAL 30 MINUTE) THEN 'ausente'
					             ELSE 'activo'
					         END as semaforo_sesion
					  FROM ejecutivo e 
					  LEFT JOIN plantel p ON e.id_pla = p.id_pla 
					  LEFT JOIN cita c ON e.id_eje = c.id_eje2 AND c.eli_cit = 1 
					  GROUP BY e.id_eje, e.nom_eje, e.tel_eje, e.eli_eje, e.id_padre, e.id_pla, e.ult_eje, p.nom_pla
					  ORDER BY e.eli_eje DESC, e.nom_eje ASC
[2025-07-11 19:33:39] Ejecutivo ID: 9 - Citas propias: 5 - Citas hijos: 0 - Total: 5
[2025-07-11 19:33:39] Ejecutivo ID: 16 - Citas propias: 5 - Citas hijos: 0 - Total: 5
[2025-07-11 19:33:39] Ejecutivo ID: 11 - Citas propias: 5 - Citas hijos: 0 - Total: 5
[2025-07-11 19:33:39] Ejecutivo ID: 12 - Citas propias: 5 - Citas hijos: 0 - Total: 5
[2025-07-11 19:33:39] Ejecutivo ID: 14 - Citas propias: 5 - Citas hijos: 0 - Total: 5
[2025-07-11 19:33:39] Ejecutivo ID: 15 - Citas propias: 5 - Citas hijos: 5 - Total: 10
[2025-07-11 19:33:39] Ejecutivo ID: 4 - Citas propias: 5 - Citas hijos: 0 - Total: 5
[2025-07-11 19:33:39] Ejecutivo ID: 18 - Citas propias: 5 - Citas hijos: 0 - Total: 5
[2025-07-11 19:33:39] Ejecutivo ID: 6 - Citas propias: 5 - Citas hijos: 10 - Total: 15
[2025-07-11 19:33:39] Ejecutivo ID: 4 - Citas propias: 5 - Citas hijos: 0 - Total: 5
[2025-07-11 19:33:39] Ejecutivo ID: 18 - Citas propias: 5 - Citas hijos: 0 - Total: 5
[2025-07-11 19:33:39] Ejecutivo ID: 10 - Citas propias: 5 - Citas hijos: 0 - Total: 5
[2025-07-11 19:33:39] Ejecutivo ID: 2 - Citas propias: 5 - Citas hijos: 0 - Total: 5
[2025-07-11 19:33:39] Ejecutivo ID: 14 - Citas propias: 5 - Citas hijos: 0 - Total: 5
[2025-07-11 19:33:39] Ejecutivo ID: 20 - Citas propias: 5 - Citas hijos: 0 - Total: 5
[2025-07-11 19:33:39] Ejecutivo ID: 21 - Citas propias: 5 - Citas hijos: 5 - Total: 10
[2025-07-11 19:33:39] Ejecutivo ID: 20 - Citas propias: 5 - Citas hijos: 0 - Total: 5
[2025-07-11 19:33:39] Ejecutivo ID: 13 - Citas propias: 5 - Citas hijos: 0 - Total: 5
[2025-07-11 19:33:39] Ejecutivo ID: 1 - Citas propias: 0 - Citas hijos: 0 - Total: 0
[2025-07-11 19:33:39] Ejecutivos con citas encontrados: 15
[2025-07-11 19:33:42] REQUEST recibido: Array
(
    [action] => obtener_planteles
)

[2025-07-11 19:33:42] Query planteles: SELECT id_pla, nom_pla, fec_pla FROM plantel ORDER BY nom_pla ASC
[2025-07-11 19:33:42] Planteles encontrados: 3
[2025-07-11 19:33:42] REQUEST recibido: Array
(
    [action] => obtener_ejecutivos_con_citas
)

[2025-07-11 19:33:42] Query ejecutivos con citas: SELECT e.id_eje, e.nom_eje, e.tel_eje, e.eli_eje, e.id_padre, e.id_pla, e.ult_eje,
					         p.nom_pla as plantel_principal,
					         COUNT(DISTINCT c.id_cit) as citas_propias,
					         CASE 
					             WHEN e.ult_eje IS NULL THEN 'sin_sesion'
					             WHEN e.ult_eje < DATE_SUB(NOW(), INTERVAL 1 HOUR) THEN 'inactivo'
					             WHEN e.ult_eje < DATE_SUB(NOW(), INTERVAL 30 MINUTE) THEN 'ausente'
					             ELSE 'activo'
					         END as semaforo_sesion
					  FROM ejecutivo e 
					  LEFT JOIN plantel p ON e.id_pla = p.id_pla 
					  LEFT JOIN cita c ON e.id_eje = c.id_eje2 AND c.eli_cit = 1 
					  GROUP BY e.id_eje, e.nom_eje, e.tel_eje, e.eli_eje, e.id_padre, e.id_pla, e.ult_eje, p.nom_pla
					  ORDER BY e.eli_eje DESC, e.nom_eje ASC
[2025-07-11 19:33:42] Ejecutivo ID: 9 - Citas propias: 5 - Citas hijos: 0 - Total: 5
[2025-07-11 19:33:42] Ejecutivo ID: 16 - Citas propias: 5 - Citas hijos: 0 - Total: 5
[2025-07-11 19:33:42] Ejecutivo ID: 11 - Citas propias: 5 - Citas hijos: 0 - Total: 5
[2025-07-11 19:33:42] Ejecutivo ID: 12 - Citas propias: 5 - Citas hijos: 0 - Total: 5
[2025-07-11 19:33:42] Ejecutivo ID: 14 - Citas propias: 5 - Citas hijos: 0 - Total: 5
[2025-07-11 19:33:42] Ejecutivo ID: 15 - Citas propias: 5 - Citas hijos: 5 - Total: 10
[2025-07-11 19:33:42] Ejecutivo ID: 4 - Citas propias: 5 - Citas hijos: 0 - Total: 5
[2025-07-11 19:33:42] Ejecutivo ID: 18 - Citas propias: 5 - Citas hijos: 0 - Total: 5
[2025-07-11 19:33:42] Ejecutivo ID: 6 - Citas propias: 5 - Citas hijos: 10 - Total: 15
[2025-07-11 19:33:42] Ejecutivo ID: 4 - Citas propias: 5 - Citas hijos: 0 - Total: 5
[2025-07-11 19:33:42] Ejecutivo ID: 18 - Citas propias: 5 - Citas hijos: 0 - Total: 5
[2025-07-11 19:33:42] Ejecutivo ID: 10 - Citas propias: 5 - Citas hijos: 0 - Total: 5
[2025-07-11 19:33:42] Ejecutivo ID: 2 - Citas propias: 5 - Citas hijos: 0 - Total: 5
[2025-07-11 19:33:42] Ejecutivo ID: 14 - Citas propias: 5 - Citas hijos: 0 - Total: 5
[2025-07-11 19:33:42] Ejecutivo ID: 20 - Citas propias: 5 - Citas hijos: 0 - Total: 5
[2025-07-11 19:33:42] Ejecutivo ID: 21 - Citas propias: 5 - Citas hijos: 5 - Total: 10
[2025-07-11 19:33:42] Ejecutivo ID: 20 - Citas propias: 5 - Citas hijos: 0 - Total: 5
[2025-07-11 19:33:42] Ejecutivo ID: 13 - Citas propias: 5 - Citas hijos: 0 - Total: 5
[2025-07-11 19:33:42] Ejecutivo ID: 1 - Citas propias: 0 - Citas hijos: 0 - Total: 0
[2025-07-11 19:33:42] Ejecutivos con citas encontrados: 15
[2025-07-11 19:33:46] REQUEST recibido: Array
(
    [action] => mover_ejecutivo
    [id_eje] => 13
    [id_padre] => 
    [id_pla] => 3
)

[2025-07-11 19:33:46] ==============================================
[2025-07-11 19:33:46] MOVER EJECUTIVO - REQUEST RECIBIDO
[2025-07-11 19:33:46] POST data completo: Array
(
    [action] => mover_ejecutivo
    [id_eje] => 13
    [id_padre] => 
    [id_pla] => 3
)

[2025-07-11 19:33:46] Valores procesados:
[2025-07-11 19:33:46] - ID Ejecutivo: 13
[2025-07-11 19:33:46] - ID Padre: NULL
[2025-07-11 19:33:46] - ID Plantel: 3
[2025-07-11 19:33:46] ANTES - Ejecutivo: Sofia Mendoza, Padre anterior: , Plantel anterior: 6
[2025-07-11 19:33:46] NUEVO PLANTEL: Plantel Ecatepec (ID: 3)
[2025-07-11 19:33:46] QUERY MOVER: UPDATE ejecutivo SET id_padre = NULL, id_pla = '3' WHERE id_eje = '13'
[2025-07-11 19:33:46] VERIFICACIÓN - Nuevo padre: , Nuevo plantel: 3
[2025-07-11 19:33:46] EJECUTIVO MOVIDO EXITOSAMENTE
[2025-07-11 19:33:46] RESPUESTA ENVIADA: SUCCESS
[2025-07-11 19:33:46] ==============================================
[2025-07-11 19:33:46] REQUEST recibido: Array
(
    [action] => obtener_ejecutivos_con_citas
)

[2025-07-11 19:33:46] Query ejecutivos con citas: SELECT e.id_eje, e.nom_eje, e.tel_eje, e.eli_eje, e.id_padre, e.id_pla, e.ult_eje,
					         p.nom_pla as plantel_principal,
					         COUNT(DISTINCT c.id_cit) as citas_propias,
					         CASE 
					             WHEN e.ult_eje IS NULL THEN 'sin_sesion'
					             WHEN e.ult_eje < DATE_SUB(NOW(), INTERVAL 1 HOUR) THEN 'inactivo'
					             WHEN e.ult_eje < DATE_SUB(NOW(), INTERVAL 30 MINUTE) THEN 'ausente'
					             ELSE 'activo'
					         END as semaforo_sesion
					  FROM ejecutivo e 
					  LEFT JOIN plantel p ON e.id_pla = p.id_pla 
					  LEFT JOIN cita c ON e.id_eje = c.id_eje2 AND c.eli_cit = 1 
					  GROUP BY e.id_eje, e.nom_eje, e.tel_eje, e.eli_eje, e.id_padre, e.id_pla, e.ult_eje, p.nom_pla
					  ORDER BY e.eli_eje DESC, e.nom_eje ASC
[2025-07-11 19:33:46] Ejecutivo ID: 9 - Citas propias: 5 - Citas hijos: 0 - Total: 5
[2025-07-11 19:33:46] Ejecutivo ID: 16 - Citas propias: 5 - Citas hijos: 0 - Total: 5
[2025-07-11 19:33:46] Ejecutivo ID: 11 - Citas propias: 5 - Citas hijos: 0 - Total: 5
[2025-07-11 19:33:46] Ejecutivo ID: 12 - Citas propias: 5 - Citas hijos: 0 - Total: 5
[2025-07-11 19:33:46] Ejecutivo ID: 14 - Citas propias: 5 - Citas hijos: 0 - Total: 5
[2025-07-11 19:33:46] Ejecutivo ID: 15 - Citas propias: 5 - Citas hijos: 5 - Total: 10
[2025-07-11 19:33:46] Ejecutivo ID: 4 - Citas propias: 5 - Citas hijos: 0 - Total: 5
[2025-07-11 19:33:46] Ejecutivo ID: 18 - Citas propias: 5 - Citas hijos: 0 - Total: 5
[2025-07-11 19:33:46] Ejecutivo ID: 6 - Citas propias: 5 - Citas hijos: 10 - Total: 15
[2025-07-11 19:33:46] Ejecutivo ID: 4 - Citas propias: 5 - Citas hijos: 0 - Total: 5
[2025-07-11 19:33:46] Ejecutivo ID: 18 - Citas propias: 5 - Citas hijos: 0 - Total: 5
[2025-07-11 19:33:46] Ejecutivo ID: 10 - Citas propias: 5 - Citas hijos: 0 - Total: 5
[2025-07-11 19:33:46] Ejecutivo ID: 2 - Citas propias: 5 - Citas hijos: 0 - Total: 5
[2025-07-11 19:33:46] Ejecutivo ID: 14 - Citas propias: 5 - Citas hijos: 0 - Total: 5
[2025-07-11 19:33:46] Ejecutivo ID: 20 - Citas propias: 5 - Citas hijos: 0 - Total: 5
[2025-07-11 19:33:46] Ejecutivo ID: 21 - Citas propias: 5 - Citas hijos: 5 - Total: 10
[2025-07-11 19:33:46] Ejecutivo ID: 20 - Citas propias: 5 - Citas hijos: 0 - Total: 5
[2025-07-11 19:33:47] Ejecutivo ID: 13 - Citas propias: 5 - Citas hijos: 0 - Total: 5
[2025-07-11 19:33:47] Ejecutivo ID: 1 - Citas propias: 0 - Citas hijos: 0 - Total: 0
[2025-07-11 19:33:47] Ejecutivos con citas encontrados: 15
[2025-07-11 19:33:49] REQUEST recibido: Array
(
    [action] => obtener_planteles
)

[2025-07-11 19:33:49] Query planteles: SELECT id_pla, nom_pla, fec_pla FROM plantel ORDER BY nom_pla ASC
[2025-07-11 19:33:49] Planteles encontrados: 3
[2025-07-11 19:33:49] REQUEST recibido: Array
(
    [action] => obtener_ejecutivos_con_citas
)

[2025-07-11 19:33:49] Query ejecutivos con citas: SELECT e.id_eje, e.nom_eje, e.tel_eje, e.eli_eje, e.id_padre, e.id_pla, e.ult_eje,
					         p.nom_pla as plantel_principal,
					         COUNT(DISTINCT c.id_cit) as citas_propias,
					         CASE 
					             WHEN e.ult_eje IS NULL THEN 'sin_sesion'
					             WHEN e.ult_eje < DATE_SUB(NOW(), INTERVAL 1 HOUR) THEN 'inactivo'
					             WHEN e.ult_eje < DATE_SUB(NOW(), INTERVAL 30 MINUTE) THEN 'ausente'
					             ELSE 'activo'
					         END as semaforo_sesion
					  FROM ejecutivo e 
					  LEFT JOIN plantel p ON e.id_pla = p.id_pla 
					  LEFT JOIN cita c ON e.id_eje = c.id_eje2 AND c.eli_cit = 1 
					  GROUP BY e.id_eje, e.nom_eje, e.tel_eje, e.eli_eje, e.id_padre, e.id_pla, e.ult_eje, p.nom_pla
					  ORDER BY e.eli_eje DESC, e.nom_eje ASC
[2025-07-11 19:33:49] Ejecutivo ID: 9 - Citas propias: 5 - Citas hijos: 0 - Total: 5
[2025-07-11 19:33:49] Ejecutivo ID: 16 - Citas propias: 5 - Citas hijos: 0 - Total: 5
[2025-07-11 19:33:49] Ejecutivo ID: 11 - Citas propias: 5 - Citas hijos: 0 - Total: 5
[2025-07-11 19:33:49] Ejecutivo ID: 12 - Citas propias: 5 - Citas hijos: 0 - Total: 5
[2025-07-11 19:33:49] Ejecutivo ID: 14 - Citas propias: 5 - Citas hijos: 0 - Total: 5
[2025-07-11 19:33:49] Ejecutivo ID: 15 - Citas propias: 5 - Citas hijos: 5 - Total: 10
[2025-07-11 19:33:49] Ejecutivo ID: 4 - Citas propias: 5 - Citas hijos: 0 - Total: 5
[2025-07-11 19:33:49] Ejecutivo ID: 18 - Citas propias: 5 - Citas hijos: 0 - Total: 5
[2025-07-11 19:33:49] Ejecutivo ID: 6 - Citas propias: 5 - Citas hijos: 10 - Total: 15
[2025-07-11 19:33:49] Ejecutivo ID: 4 - Citas propias: 5 - Citas hijos: 0 - Total: 5
[2025-07-11 19:33:49] Ejecutivo ID: 18 - Citas propias: 5 - Citas hijos: 0 - Total: 5
[2025-07-11 19:33:49] Ejecutivo ID: 10 - Citas propias: 5 - Citas hijos: 0 - Total: 5
[2025-07-11 19:33:49] Ejecutivo ID: 2 - Citas propias: 5 - Citas hijos: 0 - Total: 5
[2025-07-11 19:33:49] Ejecutivo ID: 14 - Citas propias: 5 - Citas hijos: 0 - Total: 5
[2025-07-11 19:33:49] Ejecutivo ID: 20 - Citas propias: 5 - Citas hijos: 0 - Total: 5
[2025-07-11 19:33:49] Ejecutivo ID: 21 - Citas propias: 5 - Citas hijos: 5 - Total: 10
[2025-07-11 19:33:49] Ejecutivo ID: 20 - Citas propias: 5 - Citas hijos: 0 - Total: 5
[2025-07-11 19:33:49] Ejecutivo ID: 13 - Citas propias: 5 - Citas hijos: 0 - Total: 5
[2025-07-11 19:33:49] Ejecutivo ID: 1 - Citas propias: 0 - Citas hijos: 0 - Total: 0
[2025-07-11 19:33:49] Ejecutivos con citas encontrados: 15
[2025-07-11 19:36:45] REQUEST recibido: Array
(
    [action] => obtener_planteles
)

[2025-07-11 19:36:45] Query planteles: SELECT id_pla, nom_pla, fec_pla FROM plantel ORDER BY nom_pla ASC
[2025-07-11 19:36:45] Planteles encontrados: 3
[2025-07-11 19:36:45] REQUEST recibido: Array
(
    [action] => obtener_ejecutivos_con_citas
)

[2025-07-11 19:36:45] Query ejecutivos con citas: SELECT e.id_eje, e.nom_eje, e.tel_eje, e.eli_eje, e.id_padre, e.id_pla, e.ult_eje,
					         p.nom_pla as plantel_principal,
					         COUNT(DISTINCT c.id_cit) as citas_propias,
					         CASE 
					             WHEN e.ult_eje IS NULL THEN 'sin_sesion'
					             WHEN e.ult_eje < DATE_SUB(NOW(), INTERVAL 1 HOUR) THEN 'inactivo'
					             WHEN e.ult_eje < DATE_SUB(NOW(), INTERVAL 30 MINUTE) THEN 'ausente'
					             ELSE 'activo'
					         END as semaforo_sesion
					  FROM ejecutivo e 
					  LEFT JOIN plantel p ON e.id_pla = p.id_pla 
					  LEFT JOIN cita c ON e.id_eje = c.id_eje2 AND c.eli_cit = 1 
					  GROUP BY e.id_eje, e.nom_eje, e.tel_eje, e.eli_eje, e.id_padre, e.id_pla, e.ult_eje, p.nom_pla
					  ORDER BY e.eli_eje DESC, e.nom_eje ASC
[2025-07-11 19:36:45] Ejecutivo ID: 9 - Citas propias: 5 - Citas hijos: 0 - Total: 5
[2025-07-11 19:36:45] Ejecutivo ID: 16 - Citas propias: 5 - Citas hijos: 0 - Total: 5
[2025-07-11 19:36:45] Ejecutivo ID: 11 - Citas propias: 5 - Citas hijos: 0 - Total: 5
[2025-07-11 19:36:45] Ejecutivo ID: 12 - Citas propias: 5 - Citas hijos: 0 - Total: 5
[2025-07-11 19:36:45] Ejecutivo ID: 14 - Citas propias: 5 - Citas hijos: 0 - Total: 5
[2025-07-11 19:36:45] Ejecutivo ID: 15 - Citas propias: 5 - Citas hijos: 5 - Total: 10
[2025-07-11 19:36:45] Ejecutivo ID: 4 - Citas propias: 5 - Citas hijos: 0 - Total: 5
[2025-07-11 19:36:45] Ejecutivo ID: 18 - Citas propias: 5 - Citas hijos: 0 - Total: 5
[2025-07-11 19:36:45] Ejecutivo ID: 6 - Citas propias: 5 - Citas hijos: 10 - Total: 15
[2025-07-11 19:36:45] Ejecutivo ID: 4 - Citas propias: 5 - Citas hijos: 0 - Total: 5
[2025-07-11 19:36:45] Ejecutivo ID: 18 - Citas propias: 5 - Citas hijos: 0 - Total: 5
[2025-07-11 19:36:45] Ejecutivo ID: 10 - Citas propias: 5 - Citas hijos: 0 - Total: 5
[2025-07-11 19:36:45] Ejecutivo ID: 2 - Citas propias: 5 - Citas hijos: 0 - Total: 5
[2025-07-11 19:36:45] Ejecutivo ID: 14 - Citas propias: 5 - Citas hijos: 0 - Total: 5
[2025-07-11 19:36:45] Ejecutivo ID: 20 - Citas propias: 5 - Citas hijos: 0 - Total: 5
[2025-07-11 19:36:45] Ejecutivo ID: 21 - Citas propias: 5 - Citas hijos: 5 - Total: 10
[2025-07-11 19:36:45] Ejecutivo ID: 20 - Citas propias: 5 - Citas hijos: 0 - Total: 5
[2025-07-11 19:36:45] Ejecutivo ID: 13 - Citas propias: 5 - Citas hijos: 0 - Total: 5
[2025-07-11 19:36:45] Ejecutivo ID: 1 - Citas propias: 0 - Citas hijos: 0 - Total: 0
[2025-07-11 19:36:45] Ejecutivos con citas encontrados: 15
[2025-07-11 19:36:52] REQUEST recibido: Array
(
    [action] => obtener_planteles
)

[2025-07-11 19:36:52] Query planteles: SELECT id_pla, nom_pla, fec_pla FROM plantel ORDER BY nom_pla ASC
[2025-07-11 19:36:52] Planteles encontrados: 3
[2025-07-11 19:36:52] REQUEST recibido: Array
(
    [action] => obtener_ejecutivos_con_citas
)

[2025-07-11 19:36:52] Query ejecutivos con citas: SELECT e.id_eje, e.nom_eje, e.tel_eje, e.eli_eje, e.id_padre, e.id_pla, e.ult_eje,
					         p.nom_pla as plantel_principal,
					         COUNT(DISTINCT c.id_cit) as citas_propias,
					         CASE 
					             WHEN e.ult_eje IS NULL THEN 'sin_sesion'
					             WHEN e.ult_eje < DATE_SUB(NOW(), INTERVAL 1 HOUR) THEN 'inactivo'
					             WHEN e.ult_eje < DATE_SUB(NOW(), INTERVAL 30 MINUTE) THEN 'ausente'
					             ELSE 'activo'
					         END as semaforo_sesion
					  FROM ejecutivo e 
					  LEFT JOIN plantel p ON e.id_pla = p.id_pla 
					  LEFT JOIN cita c ON e.id_eje = c.id_eje2 AND c.eli_cit = 1 
					  GROUP BY e.id_eje, e.nom_eje, e.tel_eje, e.eli_eje, e.id_padre, e.id_pla, e.ult_eje, p.nom_pla
					  ORDER BY e.eli_eje DESC, e.nom_eje ASC
[2025-07-11 19:36:52] Ejecutivo ID: 9 - Citas propias: 5 - Citas hijos: 0 - Total: 5
[2025-07-11 19:36:52] Ejecutivo ID: 16 - Citas propias: 5 - Citas hijos: 0 - Total: 5
[2025-07-11 19:36:52] Ejecutivo ID: 11 - Citas propias: 5 - Citas hijos: 0 - Total: 5
[2025-07-11 19:36:52] Ejecutivo ID: 12 - Citas propias: 5 - Citas hijos: 0 - Total: 5
[2025-07-11 19:36:52] Ejecutivo ID: 14 - Citas propias: 5 - Citas hijos: 0 - Total: 5
[2025-07-11 19:36:52] Ejecutivo ID: 15 - Citas propias: 5 - Citas hijos: 5 - Total: 10
[2025-07-11 19:36:52] Ejecutivo ID: 4 - Citas propias: 5 - Citas hijos: 0 - Total: 5
[2025-07-11 19:36:52] Ejecutivo ID: 18 - Citas propias: 5 - Citas hijos: 0 - Total: 5
[2025-07-11 19:36:52] Ejecutivo ID: 6 - Citas propias: 5 - Citas hijos: 10 - Total: 15
[2025-07-11 19:36:52] Ejecutivo ID: 4 - Citas propias: 5 - Citas hijos: 0 - Total: 5
[2025-07-11 19:36:52] Ejecutivo ID: 18 - Citas propias: 5 - Citas hijos: 0 - Total: 5
[2025-07-11 19:36:52] Ejecutivo ID: 10 - Citas propias: 5 - Citas hijos: 0 - Total: 5
[2025-07-11 19:36:52] Ejecutivo ID: 2 - Citas propias: 5 - Citas hijos: 0 - Total: 5
[2025-07-11 19:36:52] Ejecutivo ID: 14 - Citas propias: 5 - Citas hijos: 0 - Total: 5
[2025-07-11 19:36:52] Ejecutivo ID: 20 - Citas propias: 5 - Citas hijos: 0 - Total: 5
[2025-07-11 19:36:52] Ejecutivo ID: 21 - Citas propias: 5 - Citas hijos: 5 - Total: 10
[2025-07-11 19:36:52] Ejecutivo ID: 20 - Citas propias: 5 - Citas hijos: 0 - Total: 5
[2025-07-11 19:36:52] Ejecutivo ID: 13 - Citas propias: 5 - Citas hijos: 0 - Total: 5
[2025-07-11 19:36:52] Ejecutivo ID: 1 - Citas propias: 0 - Citas hijos: 0 - Total: 0
[2025-07-11 19:36:52] Ejecutivos con citas encontrados: 15
[2025-07-11 19:37:00] REQUEST recibido: Array
(
    [action] => mover_ejecutivo
    [id_eje] => 14
    [id_padre] => 
    [id_pla] => 3
)

[2025-07-11 19:37:00] ==============================================
[2025-07-11 19:37:00] MOVER EJECUTIVO - REQUEST RECIBIDO
[2025-07-11 19:37:00] POST data completo: Array
(
    [action] => mover_ejecutivo
    [id_eje] => 14
    [id_padre] => 
    [id_pla] => 3
)

[2025-07-11 19:37:00] Valores procesados:
[2025-07-11 19:37:00] - ID Ejecutivo: 14
[2025-07-11 19:37:00] - ID Padre: NULL
[2025-07-11 19:37:00] - ID Plantel: 3
[2025-07-11 19:37:00] ANTES - Ejecutivo: Pablo Jimenez, Padre anterior: 15, Plantel anterior: 6
[2025-07-11 19:37:00] NUEVO PLANTEL: Plantel Ecatepec (ID: 3)
[2025-07-11 19:37:00] QUERY MOVER: UPDATE ejecutivo SET id_padre = NULL, id_pla = '3' WHERE id_eje = '14'
[2025-07-11 19:37:00] VERIFICACIÓN - Nuevo padre: , Nuevo plantel: 3
[2025-07-11 19:37:00] EJECUTIVO MOVIDO EXITOSAMENTE
[2025-07-11 19:37:00] RESPUESTA ENVIADA: SUCCESS
[2025-07-11 19:37:00] ==============================================
[2025-07-11 19:37:00] REQUEST recibido: Array
(
    [action] => obtener_ejecutivos_con_citas
)

[2025-07-11 19:37:00] Query ejecutivos con citas: SELECT e.id_eje, e.nom_eje, e.tel_eje, e.eli_eje, e.id_padre, e.id_pla, e.ult_eje,
					         p.nom_pla as plantel_principal,
					         COUNT(DISTINCT c.id_cit) as citas_propias,
					         CASE 
					             WHEN e.ult_eje IS NULL THEN 'sin_sesion'
					             WHEN e.ult_eje < DATE_SUB(NOW(), INTERVAL 1 HOUR) THEN 'inactivo'
					             WHEN e.ult_eje < DATE_SUB(NOW(), INTERVAL 30 MINUTE) THEN 'ausente'
					             ELSE 'activo'
					         END as semaforo_sesion
					  FROM ejecutivo e 
					  LEFT JOIN plantel p ON e.id_pla = p.id_pla 
					  LEFT JOIN cita c ON e.id_eje = c.id_eje2 AND c.eli_cit = 1 
					  GROUP BY e.id_eje, e.nom_eje, e.tel_eje, e.eli_eje, e.id_padre, e.id_pla, e.ult_eje, p.nom_pla
					  ORDER BY e.eli_eje DESC, e.nom_eje ASC
[2025-07-11 19:37:00] Ejecutivo ID: 9 - Citas propias: 5 - Citas hijos: 0 - Total: 5
[2025-07-11 19:37:00] Ejecutivo ID: 16 - Citas propias: 5 - Citas hijos: 0 - Total: 5
[2025-07-11 19:37:00] Ejecutivo ID: 11 - Citas propias: 5 - Citas hijos: 0 - Total: 5
[2025-07-11 19:37:00] Ejecutivo ID: 12 - Citas propias: 5 - Citas hijos: 0 - Total: 5
[2025-07-11 19:37:00] Ejecutivo ID: 15 - Citas propias: 5 - Citas hijos: 0 - Total: 5
[2025-07-11 19:37:00] Ejecutivo ID: 4 - Citas propias: 5 - Citas hijos: 0 - Total: 5
[2025-07-11 19:37:00] Ejecutivo ID: 18 - Citas propias: 5 - Citas hijos: 0 - Total: 5
[2025-07-11 19:37:00] Ejecutivo ID: 6 - Citas propias: 5 - Citas hijos: 10 - Total: 15
[2025-07-11 19:37:00] Ejecutivo ID: 4 - Citas propias: 5 - Citas hijos: 0 - Total: 5
[2025-07-11 19:37:00] Ejecutivo ID: 18 - Citas propias: 5 - Citas hijos: 0 - Total: 5
[2025-07-11 19:37:00] Ejecutivo ID: 10 - Citas propias: 5 - Citas hijos: 0 - Total: 5
[2025-07-11 19:37:00] Ejecutivo ID: 2 - Citas propias: 5 - Citas hijos: 0 - Total: 5
[2025-07-11 19:37:00] Ejecutivo ID: 14 - Citas propias: 5 - Citas hijos: 0 - Total: 5
[2025-07-11 19:37:00] Ejecutivo ID: 20 - Citas propias: 5 - Citas hijos: 0 - Total: 5
[2025-07-11 19:37:00] Ejecutivo ID: 21 - Citas propias: 5 - Citas hijos: 5 - Total: 10
[2025-07-11 19:37:00] Ejecutivo ID: 20 - Citas propias: 5 - Citas hijos: 0 - Total: 5
[2025-07-11 19:37:00] Ejecutivo ID: 13 - Citas propias: 5 - Citas hijos: 0 - Total: 5
[2025-07-11 19:37:00] Ejecutivo ID: 1 - Citas propias: 0 - Citas hijos: 0 - Total: 0
[2025-07-11 19:37:00] Ejecutivos con citas encontrados: 15
[2025-07-11 19:37:02] REQUEST recibido: Array
(
    [action] => mover_ejecutivo
    [id_eje] => 13
    [id_padre] => 14
    [id_pla] => 3
)

[2025-07-11 19:37:02] ==============================================
[2025-07-11 19:37:02] MOVER EJECUTIVO - REQUEST RECIBIDO
[2025-07-11 19:37:02] POST data completo: Array
(
    [action] => mover_ejecutivo
    [id_eje] => 13
    [id_padre] => 14
    [id_pla] => 3
)

[2025-07-11 19:37:02] Valores procesados:
[2025-07-11 19:37:02] - ID Ejecutivo: 13
[2025-07-11 19:37:02] - ID Padre: 14
[2025-07-11 19:37:02] - ID Plantel: 3
[2025-07-11 19:37:02] ANTES - Ejecutivo: Sofia Mendoza, Padre anterior: , Plantel anterior: 3
[2025-07-11 19:37:02] NUEVO PADRE: Pablo Jimenez (ID: 14)
[2025-07-11 19:37:02] NUEVO PLANTEL: Plantel Ecatepec (ID: 3)
[2025-07-11 19:37:02] QUERY MOVER: UPDATE ejecutivo SET id_padre = '14', id_pla = '3' WHERE id_eje = '13'
[2025-07-11 19:37:02] VERIFICACIÓN - Nuevo padre: 14, Nuevo plantel: 3
[2025-07-11 19:37:02] EJECUTIVO MOVIDO EXITOSAMENTE
[2025-07-11 19:37:02] RESPUESTA ENVIADA: SUCCESS
[2025-07-11 19:37:02] ==============================================
[2025-07-11 19:37:02] REQUEST recibido: Array
(
    [action] => obtener_ejecutivos_con_citas
)

[2025-07-11 19:37:02] Query ejecutivos con citas: SELECT e.id_eje, e.nom_eje, e.tel_eje, e.eli_eje, e.id_padre, e.id_pla, e.ult_eje,
					         p.nom_pla as plantel_principal,
					         COUNT(DISTINCT c.id_cit) as citas_propias,
					         CASE 
					             WHEN e.ult_eje IS NULL THEN 'sin_sesion'
					             WHEN e.ult_eje < DATE_SUB(NOW(), INTERVAL 1 HOUR) THEN 'inactivo'
					             WHEN e.ult_eje < DATE_SUB(NOW(), INTERVAL 30 MINUTE) THEN 'ausente'
					             ELSE 'activo'
					         END as semaforo_sesion
					  FROM ejecutivo e 
					  LEFT JOIN plantel p ON e.id_pla = p.id_pla 
					  LEFT JOIN cita c ON e.id_eje = c.id_eje2 AND c.eli_cit = 1 
					  GROUP BY e.id_eje, e.nom_eje, e.tel_eje, e.eli_eje, e.id_padre, e.id_pla, e.ult_eje, p.nom_pla
					  ORDER BY e.eli_eje DESC, e.nom_eje ASC
[2025-07-11 19:37:02] Ejecutivo ID: 9 - Citas propias: 5 - Citas hijos: 0 - Total: 5
[2025-07-11 19:37:02] Ejecutivo ID: 16 - Citas propias: 5 - Citas hijos: 0 - Total: 5
[2025-07-11 19:37:02] Ejecutivo ID: 11 - Citas propias: 5 - Citas hijos: 0 - Total: 5
[2025-07-11 19:37:02] Ejecutivo ID: 12 - Citas propias: 5 - Citas hijos: 0 - Total: 5
[2025-07-11 19:37:02] Ejecutivo ID: 15 - Citas propias: 5 - Citas hijos: 0 - Total: 5
[2025-07-11 19:37:02] Ejecutivo ID: 4 - Citas propias: 5 - Citas hijos: 0 - Total: 5
[2025-07-11 19:37:02] Ejecutivo ID: 18 - Citas propias: 5 - Citas hijos: 0 - Total: 5
[2025-07-11 19:37:02] Ejecutivo ID: 6 - Citas propias: 5 - Citas hijos: 10 - Total: 15
[2025-07-11 19:37:02] Ejecutivo ID: 4 - Citas propias: 5 - Citas hijos: 0 - Total: 5
[2025-07-11 19:37:02] Ejecutivo ID: 18 - Citas propias: 5 - Citas hijos: 0 - Total: 5
[2025-07-11 19:37:02] Ejecutivo ID: 10 - Citas propias: 5 - Citas hijos: 0 - Total: 5
[2025-07-11 19:37:02] Ejecutivo ID: 2 - Citas propias: 5 - Citas hijos: 0 - Total: 5
[2025-07-11 19:37:02] Ejecutivo ID: 13 - Citas propias: 5 - Citas hijos: 0 - Total: 5
[2025-07-11 19:37:02] Ejecutivo ID: 14 - Citas propias: 5 - Citas hijos: 5 - Total: 10
[2025-07-11 19:37:02] Ejecutivo ID: 20 - Citas propias: 5 - Citas hijos: 0 - Total: 5
[2025-07-11 19:37:02] Ejecutivo ID: 21 - Citas propias: 5 - Citas hijos: 5 - Total: 10
[2025-07-11 19:37:02] Ejecutivo ID: 20 - Citas propias: 5 - Citas hijos: 0 - Total: 5
[2025-07-11 19:37:02] Ejecutivo ID: 13 - Citas propias: 5 - Citas hijos: 0 - Total: 5
[2025-07-11 19:37:02] Ejecutivo ID: 1 - Citas propias: 0 - Citas hijos: 0 - Total: 0
[2025-07-11 19:37:02] Ejecutivos con citas encontrados: 15
[2025-07-11 19:37:03] REQUEST recibido: Array
(
    [action] => obtener_planteles
)

[2025-07-11 19:37:04] Query planteles: SELECT id_pla, nom_pla, fec_pla FROM plantel ORDER BY nom_pla ASC
[2025-07-11 19:37:04] Planteles encontrados: 3
[2025-07-11 19:37:04] REQUEST recibido: Array
(
    [action] => obtener_ejecutivos_con_citas
)

[2025-07-11 19:37:04] Query ejecutivos con citas: SELECT e.id_eje, e.nom_eje, e.tel_eje, e.eli_eje, e.id_padre, e.id_pla, e.ult_eje,
					         p.nom_pla as plantel_principal,
					         COUNT(DISTINCT c.id_cit) as citas_propias,
					         CASE 
					             WHEN e.ult_eje IS NULL THEN 'sin_sesion'
					             WHEN e.ult_eje < DATE_SUB(NOW(), INTERVAL 1 HOUR) THEN 'inactivo'
					             WHEN e.ult_eje < DATE_SUB(NOW(), INTERVAL 30 MINUTE) THEN 'ausente'
					             ELSE 'activo'
					         END as semaforo_sesion
					  FROM ejecutivo e 
					  LEFT JOIN plantel p ON e.id_pla = p.id_pla 
					  LEFT JOIN cita c ON e.id_eje = c.id_eje2 AND c.eli_cit = 1 
					  GROUP BY e.id_eje, e.nom_eje, e.tel_eje, e.eli_eje, e.id_padre, e.id_pla, e.ult_eje, p.nom_pla
					  ORDER BY e.eli_eje DESC, e.nom_eje ASC
[2025-07-11 19:37:04] Ejecutivo ID: 9 - Citas propias: 5 - Citas hijos: 0 - Total: 5
[2025-07-11 19:37:04] Ejecutivo ID: 16 - Citas propias: 5 - Citas hijos: 0 - Total: 5
[2025-07-11 19:37:04] Ejecutivo ID: 11 - Citas propias: 5 - Citas hijos: 0 - Total: 5
[2025-07-11 19:37:04] Ejecutivo ID: 12 - Citas propias: 5 - Citas hijos: 0 - Total: 5
[2025-07-11 19:37:04] Ejecutivo ID: 15 - Citas propias: 5 - Citas hijos: 0 - Total: 5
[2025-07-11 19:37:04] Ejecutivo ID: 4 - Citas propias: 5 - Citas hijos: 0 - Total: 5
[2025-07-11 19:37:04] Ejecutivo ID: 18 - Citas propias: 5 - Citas hijos: 0 - Total: 5
[2025-07-11 19:37:04] Ejecutivo ID: 6 - Citas propias: 5 - Citas hijos: 10 - Total: 15
[2025-07-11 19:37:04] Ejecutivo ID: 4 - Citas propias: 5 - Citas hijos: 0 - Total: 5
[2025-07-11 19:37:04] Ejecutivo ID: 18 - Citas propias: 5 - Citas hijos: 0 - Total: 5
[2025-07-11 19:37:04] Ejecutivo ID: 10 - Citas propias: 5 - Citas hijos: 0 - Total: 5
[2025-07-11 19:37:04] Ejecutivo ID: 2 - Citas propias: 5 - Citas hijos: 0 - Total: 5
[2025-07-11 19:37:04] Ejecutivo ID: 13 - Citas propias: 5 - Citas hijos: 0 - Total: 5
[2025-07-11 19:37:04] Ejecutivo ID: 14 - Citas propias: 5 - Citas hijos: 5 - Total: 10
[2025-07-11 19:37:04] Ejecutivo ID: 20 - Citas propias: 5 - Citas hijos: 0 - Total: 5
[2025-07-11 19:37:04] Ejecutivo ID: 21 - Citas propias: 5 - Citas hijos: 5 - Total: 10
[2025-07-11 19:37:04] Ejecutivo ID: 20 - Citas propias: 5 - Citas hijos: 0 - Total: 5
[2025-07-11 19:37:04] Ejecutivo ID: 13 - Citas propias: 5 - Citas hijos: 0 - Total: 5
[2025-07-11 19:37:04] Ejecutivo ID: 1 - Citas propias: 0 - Citas hijos: 0 - Total: 0
[2025-07-11 19:37:04] Ejecutivos con citas encontrados: 15
[2025-07-11 19:37:07] REQUEST recibido: Array
(
    [action] => mover_ejecutivo
    [id_eje] => 10
    [id_padre] => 14
    [id_pla] => 3
)

[2025-07-11 19:37:07] ==============================================
[2025-07-11 19:37:07] MOVER EJECUTIVO - REQUEST RECIBIDO
[2025-07-11 19:37:07] POST data completo: Array
(
    [action] => mover_ejecutivo
    [id_eje] => 10
    [id_padre] => 14
    [id_pla] => 3
)

[2025-07-11 19:37:07] Valores procesados:
[2025-07-11 19:37:07] - ID Ejecutivo: 10
[2025-07-11 19:37:07] - ID Padre: 14
[2025-07-11 19:37:07] - ID Plantel: 3
[2025-07-11 19:37:07] ANTES - Ejecutivo: Luis Rodriguez, Padre anterior: , Plantel anterior: 3
[2025-07-11 19:37:07] NUEVO PADRE: Pablo Jimenez (ID: 14)
[2025-07-11 19:37:07] NUEVO PLANTEL: Plantel Ecatepec (ID: 3)
[2025-07-11 19:37:07] QUERY MOVER: UPDATE ejecutivo SET id_padre = '14', id_pla = '3' WHERE id_eje = '10'
[2025-07-11 19:37:07] VERIFICACIÓN - Nuevo padre: 14, Nuevo plantel: 3
[2025-07-11 19:37:07] EJECUTIVO MOVIDO EXITOSAMENTE
[2025-07-11 19:37:07] RESPUESTA ENVIADA: SUCCESS
[2025-07-11 19:37:07] ==============================================
[2025-07-11 19:37:07] REQUEST recibido: Array
(
    [action] => obtener_ejecutivos_con_citas
)

[2025-07-11 19:37:07] Query ejecutivos con citas: SELECT e.id_eje, e.nom_eje, e.tel_eje, e.eli_eje, e.id_padre, e.id_pla, e.ult_eje,
					         p.nom_pla as plantel_principal,
					         COUNT(DISTINCT c.id_cit) as citas_propias,
					         CASE 
					             WHEN e.ult_eje IS NULL THEN 'sin_sesion'
					             WHEN e.ult_eje < DATE_SUB(NOW(), INTERVAL 1 HOUR) THEN 'inactivo'
					             WHEN e.ult_eje < DATE_SUB(NOW(), INTERVAL 30 MINUTE) THEN 'ausente'
					             ELSE 'activo'
					         END as semaforo_sesion
					  FROM ejecutivo e 
					  LEFT JOIN plantel p ON e.id_pla = p.id_pla 
					  LEFT JOIN cita c ON e.id_eje = c.id_eje2 AND c.eli_cit = 1 
					  GROUP BY e.id_eje, e.nom_eje, e.tel_eje, e.eli_eje, e.id_padre, e.id_pla, e.ult_eje, p.nom_pla
					  ORDER BY e.eli_eje DESC, e.nom_eje ASC
[2025-07-11 19:37:07] Ejecutivo ID: 9 - Citas propias: 5 - Citas hijos: 0 - Total: 5
[2025-07-11 19:37:07] Ejecutivo ID: 16 - Citas propias: 5 - Citas hijos: 0 - Total: 5
[2025-07-11 19:37:07] Ejecutivo ID: 11 - Citas propias: 5 - Citas hijos: 0 - Total: 5
[2025-07-11 19:37:07] Ejecutivo ID: 12 - Citas propias: 5 - Citas hijos: 0 - Total: 5
[2025-07-11 19:37:07] Ejecutivo ID: 15 - Citas propias: 5 - Citas hijos: 0 - Total: 5
[2025-07-11 19:37:07] Ejecutivo ID: 4 - Citas propias: 5 - Citas hijos: 0 - Total: 5
[2025-07-11 19:37:07] Ejecutivo ID: 18 - Citas propias: 5 - Citas hijos: 0 - Total: 5
[2025-07-11 19:37:07] Ejecutivo ID: 6 - Citas propias: 5 - Citas hijos: 10 - Total: 15
[2025-07-11 19:37:07] Ejecutivo ID: 4 - Citas propias: 5 - Citas hijos: 0 - Total: 5
[2025-07-11 19:37:07] Ejecutivo ID: 18 - Citas propias: 5 - Citas hijos: 0 - Total: 5
[2025-07-11 19:37:07] Ejecutivo ID: 10 - Citas propias: 5 - Citas hijos: 0 - Total: 5
[2025-07-11 19:37:07] Ejecutivo ID: 2 - Citas propias: 5 - Citas hijos: 0 - Total: 5
[2025-07-11 19:37:07] Ejecutivo ID: 10 - Citas propias: 5 - Citas hijos: 0 - Total: 5
[2025-07-11 19:37:07] Ejecutivo ID: 13 - Citas propias: 5 - Citas hijos: 0 - Total: 5
[2025-07-11 19:37:07] Ejecutivo ID: 14 - Citas propias: 5 - Citas hijos: 10 - Total: 15
[2025-07-11 19:37:07] Ejecutivo ID: 20 - Citas propias: 5 - Citas hijos: 0 - Total: 5
[2025-07-11 19:37:07] Ejecutivo ID: 21 - Citas propias: 5 - Citas hijos: 5 - Total: 10
[2025-07-11 19:37:07] Ejecutivo ID: 20 - Citas propias: 5 - Citas hijos: 0 - Total: 5
[2025-07-11 19:37:07] Ejecutivo ID: 13 - Citas propias: 5 - Citas hijos: 0 - Total: 5
[2025-07-11 19:37:07] Ejecutivo ID: 1 - Citas propias: 0 - Citas hijos: 0 - Total: 0
[2025-07-11 19:37:07] Ejecutivos con citas encontrados: 15
[2025-07-11 19:37:09] REQUEST recibido: Array
(
    [action] => obtener_planteles
)

[2025-07-11 19:37:09] Query planteles: SELECT id_pla, nom_pla, fec_pla FROM plantel ORDER BY nom_pla ASC
[2025-07-11 19:37:09] Planteles encontrados: 3
[2025-07-11 19:37:09] REQUEST recibido: Array
(
    [action] => obtener_ejecutivos_con_citas
)

[2025-07-11 19:37:09] Query ejecutivos con citas: SELECT e.id_eje, e.nom_eje, e.tel_eje, e.eli_eje, e.id_padre, e.id_pla, e.ult_eje,
					         p.nom_pla as plantel_principal,
					         COUNT(DISTINCT c.id_cit) as citas_propias,
					         CASE 
					             WHEN e.ult_eje IS NULL THEN 'sin_sesion'
					             WHEN e.ult_eje < DATE_SUB(NOW(), INTERVAL 1 HOUR) THEN 'inactivo'
					             WHEN e.ult_eje < DATE_SUB(NOW(), INTERVAL 30 MINUTE) THEN 'ausente'
					             ELSE 'activo'
					         END as semaforo_sesion
					  FROM ejecutivo e 
					  LEFT JOIN plantel p ON e.id_pla = p.id_pla 
					  LEFT JOIN cita c ON e.id_eje = c.id_eje2 AND c.eli_cit = 1 
					  GROUP BY e.id_eje, e.nom_eje, e.tel_eje, e.eli_eje, e.id_padre, e.id_pla, e.ult_eje, p.nom_pla
					  ORDER BY e.eli_eje DESC, e.nom_eje ASC
[2025-07-11 19:37:09] Ejecutivo ID: 9 - Citas propias: 5 - Citas hijos: 0 - Total: 5
[2025-07-11 19:37:09] Ejecutivo ID: 16 - Citas propias: 5 - Citas hijos: 0 - Total: 5
[2025-07-11 19:37:09] Ejecutivo ID: 11 - Citas propias: 5 - Citas hijos: 0 - Total: 5
[2025-07-11 19:37:09] Ejecutivo ID: 12 - Citas propias: 5 - Citas hijos: 0 - Total: 5
[2025-07-11 19:37:09] Ejecutivo ID: 15 - Citas propias: 5 - Citas hijos: 0 - Total: 5
[2025-07-11 19:37:09] Ejecutivo ID: 4 - Citas propias: 5 - Citas hijos: 0 - Total: 5
[2025-07-11 19:37:09] Ejecutivo ID: 18 - Citas propias: 5 - Citas hijos: 0 - Total: 5
[2025-07-11 19:37:09] Ejecutivo ID: 6 - Citas propias: 5 - Citas hijos: 10 - Total: 15
[2025-07-11 19:37:09] Ejecutivo ID: 4 - Citas propias: 5 - Citas hijos: 0 - Total: 5
[2025-07-11 19:37:09] Ejecutivo ID: 18 - Citas propias: 5 - Citas hijos: 0 - Total: 5
[2025-07-11 19:37:09] Ejecutivo ID: 10 - Citas propias: 5 - Citas hijos: 0 - Total: 5
[2025-07-11 19:37:09] Ejecutivo ID: 2 - Citas propias: 5 - Citas hijos: 0 - Total: 5
[2025-07-11 19:37:09] Ejecutivo ID: 10 - Citas propias: 5 - Citas hijos: 0 - Total: 5
[2025-07-11 19:37:09] Ejecutivo ID: 13 - Citas propias: 5 - Citas hijos: 0 - Total: 5
[2025-07-11 19:37:09] Ejecutivo ID: 14 - Citas propias: 5 - Citas hijos: 10 - Total: 15
[2025-07-11 19:37:09] Ejecutivo ID: 20 - Citas propias: 5 - Citas hijos: 0 - Total: 5
[2025-07-11 19:37:09] Ejecutivo ID: 21 - Citas propias: 5 - Citas hijos: 5 - Total: 10
[2025-07-11 19:37:09] Ejecutivo ID: 20 - Citas propias: 5 - Citas hijos: 0 - Total: 5
[2025-07-11 19:37:09] Ejecutivo ID: 13 - Citas propias: 5 - Citas hijos: 0 - Total: 5
[2025-07-11 19:37:09] Ejecutivo ID: 1 - Citas propias: 0 - Citas hijos: 0 - Total: 0
[2025-07-11 19:37:09] Ejecutivos con citas encontrados: 15
[2025-07-11 19:37:49] REQUEST recibido: Array
(
    [action] => obtener_planteles
)

[2025-07-11 19:37:49] Query planteles: SELECT id_pla, nom_pla, fec_pla FROM plantel ORDER BY nom_pla ASC
[2025-07-11 19:37:49] Planteles encontrados: 3
[2025-07-11 19:37:49] REQUEST recibido: Array
(
    [action] => obtener_ejecutivos_con_citas
)

[2025-07-11 19:37:49] Query ejecutivos con citas: SELECT e.id_eje, e.nom_eje, e.tel_eje, e.eli_eje, e.id_padre, e.id_pla, e.ult_eje,
					         p.nom_pla as plantel_principal,
					         COUNT(DISTINCT c.id_cit) as citas_propias,
					         CASE 
					             WHEN e.ult_eje IS NULL THEN 'sin_sesion'
					             WHEN e.ult_eje < DATE_SUB(NOW(), INTERVAL 1 HOUR) THEN 'inactivo'
					             WHEN e.ult_eje < DATE_SUB(NOW(), INTERVAL 30 MINUTE) THEN 'ausente'
					             ELSE 'activo'
					         END as semaforo_sesion
					  FROM ejecutivo e 
					  LEFT JOIN plantel p ON e.id_pla = p.id_pla 
					  LEFT JOIN cita c ON e.id_eje = c.id_eje2 AND c.eli_cit = 1 
					  GROUP BY e.id_eje, e.nom_eje, e.tel_eje, e.eli_eje, e.id_padre, e.id_pla, e.ult_eje, p.nom_pla
					  ORDER BY e.eli_eje DESC, e.nom_eje ASC
[2025-07-11 19:37:49] Ejecutivo ID: 9 - Citas propias: 5 - Citas hijos: 0 - Total: 5
[2025-07-11 19:37:49] Ejecutivo ID: 16 - Citas propias: 5 - Citas hijos: 0 - Total: 5
[2025-07-11 19:37:49] Ejecutivo ID: 11 - Citas propias: 5 - Citas hijos: 0 - Total: 5
[2025-07-11 19:37:49] Ejecutivo ID: 12 - Citas propias: 5 - Citas hijos: 0 - Total: 5
[2025-07-11 19:37:49] Ejecutivo ID: 15 - Citas propias: 5 - Citas hijos: 0 - Total: 5
[2025-07-11 19:37:49] Ejecutivo ID: 4 - Citas propias: 5 - Citas hijos: 0 - Total: 5
[2025-07-11 19:37:49] Ejecutivo ID: 18 - Citas propias: 5 - Citas hijos: 0 - Total: 5
[2025-07-11 19:37:49] Ejecutivo ID: 6 - Citas propias: 5 - Citas hijos: 10 - Total: 15
[2025-07-11 19:37:49] Ejecutivo ID: 4 - Citas propias: 5 - Citas hijos: 0 - Total: 5
[2025-07-11 19:37:49] Ejecutivo ID: 18 - Citas propias: 5 - Citas hijos: 0 - Total: 5
[2025-07-11 19:37:49] Ejecutivo ID: 10 - Citas propias: 5 - Citas hijos: 0 - Total: 5
[2025-07-11 19:37:49] Ejecutivo ID: 2 - Citas propias: 5 - Citas hijos: 0 - Total: 5
[2025-07-11 19:37:49] Ejecutivo ID: 10 - Citas propias: 5 - Citas hijos: 0 - Total: 5
[2025-07-11 19:37:49] Ejecutivo ID: 13 - Citas propias: 5 - Citas hijos: 0 - Total: 5
[2025-07-11 19:37:49] Ejecutivo ID: 14 - Citas propias: 5 - Citas hijos: 10 - Total: 15
[2025-07-11 19:37:49] Ejecutivo ID: 20 - Citas propias: 5 - Citas hijos: 0 - Total: 5
[2025-07-11 19:37:49] Ejecutivo ID: 21 - Citas propias: 5 - Citas hijos: 5 - Total: 10
[2025-07-11 19:37:49] Ejecutivo ID: 20 - Citas propias: 5 - Citas hijos: 0 - Total: 5
[2025-07-11 19:37:49] Ejecutivo ID: 13 - Citas propias: 5 - Citas hijos: 0 - Total: 5
[2025-07-11 19:37:49] Ejecutivo ID: 1 - Citas propias: 0 - Citas hijos: 0 - Total: 0
[2025-07-11 19:37:49] Ejecutivos con citas encontrados: 15
[2025-07-11 19:39:49] REQUEST recibido: Array
(
    [action] => obtener_planteles
)

[2025-07-11 19:39:49] Query planteles: SELECT id_pla, nom_pla, fec_pla FROM plantel ORDER BY nom_pla ASC
[2025-07-11 19:39:49] Planteles encontrados: 3
[2025-07-11 19:39:49] REQUEST recibido: Array
(
    [action] => obtener_ejecutivos_con_citas
)

[2025-07-11 19:39:49] Query ejecutivos con citas: SELECT e.id_eje, e.nom_eje, e.tel_eje, e.eli_eje, e.id_padre, e.id_pla, e.ult_eje,
					         p.nom_pla as plantel_principal,
					         COUNT(DISTINCT c.id_cit) as citas_propias,
					         CASE 
					             WHEN e.ult_eje IS NULL THEN 'sin_sesion'
					             WHEN e.ult_eje < DATE_SUB(NOW(), INTERVAL 1 HOUR) THEN 'inactivo'
					             WHEN e.ult_eje < DATE_SUB(NOW(), INTERVAL 30 MINUTE) THEN 'ausente'
					             ELSE 'activo'
					         END as semaforo_sesion
					  FROM ejecutivo e 
					  LEFT JOIN plantel p ON e.id_pla = p.id_pla 
					  LEFT JOIN cita c ON e.id_eje = c.id_eje2 AND c.eli_cit = 1 
					  GROUP BY e.id_eje, e.nom_eje, e.tel_eje, e.eli_eje, e.id_padre, e.id_pla, e.ult_eje, p.nom_pla
					  ORDER BY e.eli_eje DESC, e.nom_eje ASC
[2025-07-11 19:39:49] Ejecutivo ID: 9 - Citas propias: 5 - Citas hijos: 0 - Total: 5
[2025-07-11 19:39:49] Ejecutivo ID: 16 - Citas propias: 5 - Citas hijos: 0 - Total: 5
[2025-07-11 19:39:49] Ejecutivo ID: 11 - Citas propias: 5 - Citas hijos: 0 - Total: 5
[2025-07-11 19:39:49] Ejecutivo ID: 12 - Citas propias: 5 - Citas hijos: 0 - Total: 5
[2025-07-11 19:39:49] Ejecutivo ID: 15 - Citas propias: 5 - Citas hijos: 0 - Total: 5
[2025-07-11 19:39:49] Ejecutivo ID: 4 - Citas propias: 5 - Citas hijos: 0 - Total: 5
[2025-07-11 19:39:49] Ejecutivo ID: 18 - Citas propias: 5 - Citas hijos: 0 - Total: 5
[2025-07-11 19:39:49] Ejecutivo ID: 6 - Citas propias: 5 - Citas hijos: 10 - Total: 15
[2025-07-11 19:39:49] Ejecutivo ID: 4 - Citas propias: 5 - Citas hijos: 0 - Total: 5
[2025-07-11 19:39:49] Ejecutivo ID: 18 - Citas propias: 5 - Citas hijos: 0 - Total: 5
[2025-07-11 19:39:49] Ejecutivo ID: 10 - Citas propias: 5 - Citas hijos: 0 - Total: 5
[2025-07-11 19:39:49] Ejecutivo ID: 2 - Citas propias: 5 - Citas hijos: 0 - Total: 5
[2025-07-11 19:39:49] Ejecutivo ID: 10 - Citas propias: 5 - Citas hijos: 0 - Total: 5
[2025-07-11 19:39:49] Ejecutivo ID: 13 - Citas propias: 5 - Citas hijos: 0 - Total: 5
[2025-07-11 19:39:49] Ejecutivo ID: 14 - Citas propias: 5 - Citas hijos: 10 - Total: 15
[2025-07-11 19:39:49] Ejecutivo ID: 20 - Citas propias: 5 - Citas hijos: 0 - Total: 5
[2025-07-11 19:39:49] Ejecutivo ID: 21 - Citas propias: 5 - Citas hijos: 5 - Total: 10
[2025-07-11 19:39:49] Ejecutivo ID: 20 - Citas propias: 5 - Citas hijos: 0 - Total: 5
[2025-07-11 19:39:49] Ejecutivo ID: 13 - Citas propias: 5 - Citas hijos: 0 - Total: 5
[2025-07-11 19:39:49] Ejecutivo ID: 1 - Citas propias: 0 - Citas hijos: 0 - Total: 0
[2025-07-11 19:39:49] Ejecutivos con citas encontrados: 15
[2025-07-11 19:40:51] REQUEST recibido: Array
(
    [action] => obtener_planteles
)

[2025-07-11 19:40:51] Query planteles: SELECT id_pla, nom_pla, fec_pla FROM plantel ORDER BY nom_pla ASC
[2025-07-11 19:40:51] Planteles encontrados: 3
[2025-07-11 19:40:51] REQUEST recibido: Array
(
    [action] => obtener_ejecutivos_con_citas
)

[2025-07-11 19:40:51] Query ejecutivos con citas: SELECT e.id_eje, e.nom_eje, e.tel_eje, e.eli_eje, e.id_padre, e.id_pla, e.ult_eje,
					         p.nom_pla as plantel_principal,
					         COUNT(DISTINCT c.id_cit) as citas_propias,
					         CASE 
					             WHEN e.ult_eje IS NULL THEN 'sin_sesion'
					             WHEN e.ult_eje < DATE_SUB(NOW(), INTERVAL 1 HOUR) THEN 'inactivo'
					             WHEN e.ult_eje < DATE_SUB(NOW(), INTERVAL 30 MINUTE) THEN 'ausente'
					             ELSE 'activo'
					         END as semaforo_sesion
					  FROM ejecutivo e 
					  LEFT JOIN plantel p ON e.id_pla = p.id_pla 
					  LEFT JOIN cita c ON e.id_eje = c.id_eje2 AND c.eli_cit = 1 
					  GROUP BY e.id_eje, e.nom_eje, e.tel_eje, e.eli_eje, e.id_padre, e.id_pla, e.ult_eje, p.nom_pla
					  ORDER BY e.eli_eje DESC, e.nom_eje ASC
[2025-07-11 19:40:51] Ejecutivo ID: 9 - Citas propias: 5 - Citas hijos: 0 - Total: 5
[2025-07-11 19:40:51] Ejecutivo ID: 16 - Citas propias: 5 - Citas hijos: 0 - Total: 5
[2025-07-11 19:40:51] Ejecutivo ID: 11 - Citas propias: 5 - Citas hijos: 0 - Total: 5
[2025-07-11 19:40:51] Ejecutivo ID: 12 - Citas propias: 5 - Citas hijos: 0 - Total: 5
[2025-07-11 19:40:51] Ejecutivo ID: 15 - Citas propias: 5 - Citas hijos: 0 - Total: 5
[2025-07-11 19:40:51] Ejecutivo ID: 18 - Citas propias: 5 - Citas hijos: 0 - Total: 5
[2025-07-11 19:40:51] Ejecutivo ID: 6 - Citas propias: 5 - Citas hijos: 5 - Total: 10
[2025-07-11 19:40:51] Ejecutivo ID: 4 - Citas propias: 5 - Citas hijos: 0 - Total: 5
[2025-07-11 19:40:51] Ejecutivo ID: 18 - Citas propias: 5 - Citas hijos: 0 - Total: 5
[2025-07-11 19:40:51] Ejecutivo ID: 10 - Citas propias: 5 - Citas hijos: 0 - Total: 5
[2025-07-11 19:40:51] Ejecutivo ID: 2 - Citas propias: 5 - Citas hijos: 0 - Total: 5
[2025-07-11 19:40:51] Ejecutivo ID: 10 - Citas propias: 5 - Citas hijos: 0 - Total: 5
[2025-07-11 19:40:51] Ejecutivo ID: 13 - Citas propias: 5 - Citas hijos: 0 - Total: 5
[2025-07-11 19:40:51] Ejecutivo ID: 14 - Citas propias: 5 - Citas hijos: 10 - Total: 15
[2025-07-11 19:40:51] Ejecutivo ID: 20 - Citas propias: 5 - Citas hijos: 0 - Total: 5
[2025-07-11 19:40:51] Ejecutivo ID: 21 - Citas propias: 5 - Citas hijos: 5 - Total: 10
[2025-07-11 19:40:51] Ejecutivo ID: 20 - Citas propias: 5 - Citas hijos: 0 - Total: 5
[2025-07-11 19:40:51] Ejecutivo ID: 13 - Citas propias: 5 - Citas hijos: 0 - Total: 5
[2025-07-11 19:40:51] Ejecutivo ID: 1 - Citas propias: 0 - Citas hijos: 0 - Total: 0
[2025-07-11 19:40:51] Ejecutivos con citas encontrados: 15
[2025-07-11 19:41:16] REQUEST recibido: Array
(
    [action] => obtener_planteles
)

[2025-07-11 19:41:16] Query planteles: SELECT id_pla, nom_pla, fec_pla FROM plantel ORDER BY nom_pla ASC
[2025-07-11 19:41:16] Planteles encontrados: 3
[2025-07-11 19:41:16] REQUEST recibido: Array
(
    [action] => obtener_ejecutivos_con_citas
)

[2025-07-11 19:41:16] Query ejecutivos con citas: SELECT e.id_eje, e.nom_eje, e.tel_eje, e.eli_eje, e.id_padre, e.id_pla, e.ult_eje,
					         p.nom_pla as plantel_principal,
					         COUNT(DISTINCT c.id_cit) as citas_propias,
					         CASE 
					             WHEN e.ult_eje IS NULL THEN 'sin_sesion'
					             WHEN e.ult_eje < DATE_SUB(NOW(), INTERVAL 1 HOUR) THEN 'inactivo'
					             WHEN e.ult_eje < DATE_SUB(NOW(), INTERVAL 30 MINUTE) THEN 'ausente'
					             ELSE 'activo'
					         END as semaforo_sesion
					  FROM ejecutivo e 
					  LEFT JOIN plantel p ON e.id_pla = p.id_pla 
					  LEFT JOIN cita c ON e.id_eje = c.id_eje2 AND c.eli_cit = 1 
					  GROUP BY e.id_eje, e.nom_eje, e.tel_eje, e.eli_eje, e.id_padre, e.id_pla, e.ult_eje, p.nom_pla
					  ORDER BY e.eli_eje DESC, e.nom_eje ASC
[2025-07-11 19:41:16] Ejecutivo ID: 9 - Citas propias: 5 - Citas hijos: 0 - Total: 5
[2025-07-11 19:41:16] Ejecutivo ID: 16 - Citas propias: 5 - Citas hijos: 0 - Total: 5
[2025-07-11 19:41:16] Ejecutivo ID: 11 - Citas propias: 5 - Citas hijos: 0 - Total: 5
[2025-07-11 19:41:16] Ejecutivo ID: 12 - Citas propias: 5 - Citas hijos: 0 - Total: 5
[2025-07-11 19:41:16] Ejecutivo ID: 15 - Citas propias: 5 - Citas hijos: 0 - Total: 5
[2025-07-11 19:41:16] Ejecutivo ID: 18 - Citas propias: 5 - Citas hijos: 0 - Total: 5
[2025-07-11 19:41:16] Ejecutivo ID: 6 - Citas propias: 5 - Citas hijos: 5 - Total: 10
[2025-07-11 19:41:16] Ejecutivo ID: 4 - Citas propias: 5 - Citas hijos: 0 - Total: 5
[2025-07-11 19:41:16] Ejecutivo ID: 18 - Citas propias: 5 - Citas hijos: 0 - Total: 5
[2025-07-11 19:41:16] Ejecutivo ID: 10 - Citas propias: 5 - Citas hijos: 0 - Total: 5
[2025-07-11 19:41:16] Ejecutivo ID: 2 - Citas propias: 5 - Citas hijos: 0 - Total: 5
[2025-07-11 19:41:16] Ejecutivo ID: 10 - Citas propias: 5 - Citas hijos: 0 - Total: 5
[2025-07-11 19:41:16] Ejecutivo ID: 13 - Citas propias: 5 - Citas hijos: 0 - Total: 5
[2025-07-11 19:41:16] Ejecutivo ID: 14 - Citas propias: 5 - Citas hijos: 10 - Total: 15
[2025-07-11 19:41:16] Ejecutivo ID: 20 - Citas propias: 5 - Citas hijos: 0 - Total: 5
[2025-07-11 19:41:16] Ejecutivo ID: 21 - Citas propias: 5 - Citas hijos: 5 - Total: 10
[2025-07-11 19:41:16] Ejecutivo ID: 20 - Citas propias: 5 - Citas hijos: 0 - Total: 5
[2025-07-11 19:41:16] Ejecutivo ID: 13 - Citas propias: 5 - Citas hijos: 0 - Total: 5
[2025-07-11 19:41:16] Ejecutivo ID: 1 - Citas propias: 0 - Citas hijos: 0 - Total: 0
[2025-07-11 19:41:16] Ejecutivos con citas encontrados: 15
[2025-07-11 19:41:27] REQUEST recibido: Array
(
    [action] => mover_ejecutivo
    [id_eje] => 4
    [id_padre] => 6
    [id_pla] => 2
)

[2025-07-11 19:41:27] ==============================================
[2025-07-11 19:41:27] MOVER EJECUTIVO - REQUEST RECIBIDO
[2025-07-11 19:41:27] POST data completo: Array
(
    [action] => mover_ejecutivo
    [id_eje] => 4
    [id_padre] => 6
    [id_pla] => 2
)

[2025-07-11 19:41:27] Valores procesados:
[2025-07-11 19:41:27] - ID Ejecutivo: 4
[2025-07-11 19:41:27] - ID Padre: 6
[2025-07-11 19:41:27] - ID Plantel: 2
[2025-07-11 19:41:27] ANTES - Ejecutivo: Francisco Pineda, Padre anterior: , Plantel anterior: 2
[2025-07-11 19:41:27] NUEVO PADRE: Fatima Nava (ID: 6)
[2025-07-11 19:41:27] NUEVO PLANTEL: Plantel Naucalpan (ID: 2)
[2025-07-11 19:41:27] QUERY MOVER: UPDATE ejecutivo SET id_padre = '6', id_pla = '2' WHERE id_eje = '4'
[2025-07-11 19:41:27] VERIFICACIÓN - Nuevo padre: 6, Nuevo plantel: 2
[2025-07-11 19:41:27] EJECUTIVO MOVIDO EXITOSAMENTE
[2025-07-11 19:41:27] RESPUESTA ENVIADA: SUCCESS
[2025-07-11 19:41:27] ==============================================
[2025-07-11 19:41:27] REQUEST recibido: Array
(
    [action] => obtener_ejecutivos_con_citas
)

[2025-07-11 19:41:27] Query ejecutivos con citas: SELECT e.id_eje, e.nom_eje, e.tel_eje, e.eli_eje, e.id_padre, e.id_pla, e.ult_eje,
					         p.nom_pla as plantel_principal,
					         COUNT(DISTINCT c.id_cit) as citas_propias,
					         CASE 
					             WHEN e.ult_eje IS NULL THEN 'sin_sesion'
					             WHEN e.ult_eje < DATE_SUB(NOW(), INTERVAL 1 HOUR) THEN 'inactivo'
					             WHEN e.ult_eje < DATE_SUB(NOW(), INTERVAL 30 MINUTE) THEN 'ausente'
					             ELSE 'activo'
					         END as semaforo_sesion
					  FROM ejecutivo e 
					  LEFT JOIN plantel p ON e.id_pla = p.id_pla 
					  LEFT JOIN cita c ON e.id_eje = c.id_eje2 AND c.eli_cit = 1 
					  GROUP BY e.id_eje, e.nom_eje, e.tel_eje, e.eli_eje, e.id_padre, e.id_pla, e.ult_eje, p.nom_pla
					  ORDER BY e.eli_eje DESC, e.nom_eje ASC
[2025-07-11 19:41:27] Ejecutivo ID: 9 - Citas propias: 5 - Citas hijos: 0 - Total: 5
[2025-07-11 19:41:27] Ejecutivo ID: 16 - Citas propias: 5 - Citas hijos: 0 - Total: 5
[2025-07-11 19:41:27] Ejecutivo ID: 11 - Citas propias: 5 - Citas hijos: 0 - Total: 5
[2025-07-11 19:41:27] Ejecutivo ID: 12 - Citas propias: 5 - Citas hijos: 0 - Total: 5
[2025-07-11 19:41:27] Ejecutivo ID: 15 - Citas propias: 5 - Citas hijos: 0 - Total: 5
[2025-07-11 19:41:27] Ejecutivo ID: 4 - Citas propias: 5 - Citas hijos: 0 - Total: 5
[2025-07-11 19:41:27] Ejecutivo ID: 18 - Citas propias: 5 - Citas hijos: 0 - Total: 5
[2025-07-11 19:41:27] Ejecutivo ID: 6 - Citas propias: 5 - Citas hijos: 10 - Total: 15
[2025-07-11 19:41:27] Ejecutivo ID: 4 - Citas propias: 5 - Citas hijos: 0 - Total: 5
[2025-07-11 19:41:27] Ejecutivo ID: 18 - Citas propias: 5 - Citas hijos: 0 - Total: 5
[2025-07-11 19:41:27] Ejecutivo ID: 10 - Citas propias: 5 - Citas hijos: 0 - Total: 5
[2025-07-11 19:41:27] Ejecutivo ID: 2 - Citas propias: 5 - Citas hijos: 0 - Total: 5
[2025-07-11 19:41:27] Ejecutivo ID: 10 - Citas propias: 5 - Citas hijos: 0 - Total: 5
[2025-07-11 19:41:27] Ejecutivo ID: 13 - Citas propias: 5 - Citas hijos: 0 - Total: 5
[2025-07-11 19:41:27] Ejecutivo ID: 14 - Citas propias: 5 - Citas hijos: 10 - Total: 15
[2025-07-11 19:41:27] Ejecutivo ID: 20 - Citas propias: 5 - Citas hijos: 0 - Total: 5
[2025-07-11 19:41:27] Ejecutivo ID: 21 - Citas propias: 5 - Citas hijos: 5 - Total: 10
[2025-07-11 19:41:27] Ejecutivo ID: 20 - Citas propias: 5 - Citas hijos: 0 - Total: 5
[2025-07-11 19:41:27] Ejecutivo ID: 13 - Citas propias: 5 - Citas hijos: 0 - Total: 5
[2025-07-11 19:41:27] Ejecutivo ID: 1 - Citas propias: 0 - Citas hijos: 0 - Total: 0
[2025-07-11 19:41:27] Ejecutivos con citas encontrados: 15
[2025-07-11 19:41:29] REQUEST recibido: Array
(
    [action] => obtener_planteles
)

[2025-07-11 19:41:29] Query planteles: SELECT id_pla, nom_pla, fec_pla FROM plantel ORDER BY nom_pla ASC
[2025-07-11 19:41:29] Planteles encontrados: 3
[2025-07-11 19:41:29] REQUEST recibido: Array
(
    [action] => obtener_ejecutivos_con_citas
)

[2025-07-11 19:41:29] Query ejecutivos con citas: SELECT e.id_eje, e.nom_eje, e.tel_eje, e.eli_eje, e.id_padre, e.id_pla, e.ult_eje,
					         p.nom_pla as plantel_principal,
					         COUNT(DISTINCT c.id_cit) as citas_propias,
					         CASE 
					             WHEN e.ult_eje IS NULL THEN 'sin_sesion'
					             WHEN e.ult_eje < DATE_SUB(NOW(), INTERVAL 1 HOUR) THEN 'inactivo'
					             WHEN e.ult_eje < DATE_SUB(NOW(), INTERVAL 30 MINUTE) THEN 'ausente'
					             ELSE 'activo'
					         END as semaforo_sesion
					  FROM ejecutivo e 
					  LEFT JOIN plantel p ON e.id_pla = p.id_pla 
					  LEFT JOIN cita c ON e.id_eje = c.id_eje2 AND c.eli_cit = 1 
					  GROUP BY e.id_eje, e.nom_eje, e.tel_eje, e.eli_eje, e.id_padre, e.id_pla, e.ult_eje, p.nom_pla
					  ORDER BY e.eli_eje DESC, e.nom_eje ASC
[2025-07-11 19:41:29] Ejecutivo ID: 9 - Citas propias: 5 - Citas hijos: 0 - Total: 5
[2025-07-11 19:41:29] Ejecutivo ID: 16 - Citas propias: 5 - Citas hijos: 0 - Total: 5
[2025-07-11 19:41:29] Ejecutivo ID: 11 - Citas propias: 5 - Citas hijos: 0 - Total: 5
[2025-07-11 19:41:29] Ejecutivo ID: 12 - Citas propias: 5 - Citas hijos: 0 - Total: 5
[2025-07-11 19:41:29] Ejecutivo ID: 15 - Citas propias: 5 - Citas hijos: 0 - Total: 5
[2025-07-11 19:41:29] Ejecutivo ID: 4 - Citas propias: 5 - Citas hijos: 0 - Total: 5
[2025-07-11 19:41:29] Ejecutivo ID: 18 - Citas propias: 5 - Citas hijos: 0 - Total: 5
[2025-07-11 19:41:29] Ejecutivo ID: 6 - Citas propias: 5 - Citas hijos: 10 - Total: 15
[2025-07-11 19:41:29] Ejecutivo ID: 4 - Citas propias: 5 - Citas hijos: 0 - Total: 5
[2025-07-11 19:41:29] Ejecutivo ID: 18 - Citas propias: 5 - Citas hijos: 0 - Total: 5
[2025-07-11 19:41:29] Ejecutivo ID: 10 - Citas propias: 5 - Citas hijos: 0 - Total: 5
[2025-07-11 19:41:29] Ejecutivo ID: 2 - Citas propias: 5 - Citas hijos: 0 - Total: 5
[2025-07-11 19:41:29] Ejecutivo ID: 10 - Citas propias: 5 - Citas hijos: 0 - Total: 5
[2025-07-11 19:41:29] Ejecutivo ID: 13 - Citas propias: 5 - Citas hijos: 0 - Total: 5
[2025-07-11 19:41:29] Ejecutivo ID: 14 - Citas propias: 5 - Citas hijos: 10 - Total: 15
[2025-07-11 19:41:29] Ejecutivo ID: 20 - Citas propias: 5 - Citas hijos: 0 - Total: 5
[2025-07-11 19:41:29] Ejecutivo ID: 21 - Citas propias: 5 - Citas hijos: 5 - Total: 10
[2025-07-11 19:41:29] Ejecutivo ID: 20 - Citas propias: 5 - Citas hijos: 0 - Total: 5
[2025-07-11 19:41:29] Ejecutivo ID: 13 - Citas propias: 5 - Citas hijos: 0 - Total: 5
[2025-07-11 19:41:29] Ejecutivo ID: 1 - Citas propias: 0 - Citas hijos: 0 - Total: 0
[2025-07-11 19:41:29] Ejecutivos con citas encontrados: 15
[2025-07-11 19:43:05] REQUEST recibido: Array
(
    [action] => obtener_planteles
)

[2025-07-11 19:43:05] Query planteles: SELECT id_pla, nom_pla, fec_pla FROM plantel ORDER BY nom_pla ASC
[2025-07-11 19:43:05] Planteles encontrados: 3
[2025-07-11 19:43:05] REQUEST recibido: Array
(
    [action] => obtener_ejecutivos_con_citas
)

[2025-07-11 19:43:05] Query ejecutivos con citas: SELECT e.id_eje, e.nom_eje, e.tel_eje, e.eli_eje, e.id_padre, e.id_pla, e.ult_eje,
					         p.nom_pla as plantel_principal,
					         COUNT(DISTINCT c.id_cit) as citas_propias,
					         CASE 
					             WHEN e.ult_eje IS NULL THEN 'sin_sesion'
					             WHEN e.ult_eje < DATE_SUB(NOW(), INTERVAL 1 HOUR) THEN 'inactivo'
					             WHEN e.ult_eje < DATE_SUB(NOW(), INTERVAL 30 MINUTE) THEN 'ausente'
					             ELSE 'activo'
					         END as semaforo_sesion
					  FROM ejecutivo e 
					  LEFT JOIN plantel p ON e.id_pla = p.id_pla 
					  LEFT JOIN cita c ON e.id_eje = c.id_eje2 AND c.eli_cit = 1 
					  GROUP BY e.id_eje, e.nom_eje, e.tel_eje, e.eli_eje, e.id_padre, e.id_pla, e.ult_eje, p.nom_pla
					  ORDER BY e.eli_eje DESC, e.nom_eje ASC
[2025-07-11 19:43:05] Ejecutivo ID: 9 - Citas propias: 5 - Citas hijos: 0 - Total: 5
[2025-07-11 19:43:05] Ejecutivo ID: 16 - Citas propias: 5 - Citas hijos: 0 - Total: 5
[2025-07-11 19:43:05] Ejecutivo ID: 11 - Citas propias: 5 - Citas hijos: 0 - Total: 5
[2025-07-11 19:43:05] Ejecutivo ID: 12 - Citas propias: 5 - Citas hijos: 0 - Total: 5
[2025-07-11 19:43:05] Ejecutivo ID: 15 - Citas propias: 5 - Citas hijos: 0 - Total: 5
[2025-07-11 19:43:05] Ejecutivo ID: 4 - Citas propias: 6 - Citas hijos: 0 - Total: 6
[2025-07-11 19:43:05] Ejecutivo ID: 18 - Citas propias: 5 - Citas hijos: 0 - Total: 5
[2025-07-11 19:43:05] Ejecutivo ID: 6 - Citas propias: 4 - Citas hijos: 11 - Total: 15
[2025-07-11 19:43:05] Ejecutivo ID: 4 - Citas propias: 6 - Citas hijos: 0 - Total: 6
[2025-07-11 19:43:05] Ejecutivo ID: 18 - Citas propias: 5 - Citas hijos: 0 - Total: 5
[2025-07-11 19:43:05] Ejecutivo ID: 10 - Citas propias: 5 - Citas hijos: 0 - Total: 5
[2025-07-11 19:43:05] Ejecutivo ID: 2 - Citas propias: 5 - Citas hijos: 0 - Total: 5
[2025-07-11 19:43:05] Ejecutivo ID: 10 - Citas propias: 5 - Citas hijos: 0 - Total: 5
[2025-07-11 19:43:05] Ejecutivo ID: 13 - Citas propias: 5 - Citas hijos: 0 - Total: 5
[2025-07-11 19:43:05] Ejecutivo ID: 14 - Citas propias: 5 - Citas hijos: 10 - Total: 15
[2025-07-11 19:43:05] Ejecutivo ID: 20 - Citas propias: 5 - Citas hijos: 0 - Total: 5
[2025-07-11 19:43:05] Ejecutivo ID: 21 - Citas propias: 5 - Citas hijos: 5 - Total: 10
[2025-07-11 19:43:05] Ejecutivo ID: 20 - Citas propias: 5 - Citas hijos: 0 - Total: 5
[2025-07-11 19:43:05] Ejecutivo ID: 13 - Citas propias: 5 - Citas hijos: 0 - Total: 5
[2025-07-11 19:43:05] Ejecutivo ID: 1 - Citas propias: 0 - Citas hijos: 0 - Total: 0
[2025-07-11 19:43:05] Ejecutivos con citas encontrados: 15
[2025-07-11 19:43:13] REQUEST recibido: Array
(
    [action] => mover_ejecutivo
    [id_eje] => 4
    [id_padre] => 
    [id_pla] => 2
)

[2025-07-11 19:43:13] ==============================================
[2025-07-11 19:43:13] MOVER EJECUTIVO - REQUEST RECIBIDO
[2025-07-11 19:43:13] POST data completo: Array
(
    [action] => mover_ejecutivo
    [id_eje] => 4
    [id_padre] => 
    [id_pla] => 2
)

[2025-07-11 19:43:13] Valores procesados:
[2025-07-11 19:43:13] - ID Ejecutivo: 4
[2025-07-11 19:43:13] - ID Padre: NULL
[2025-07-11 19:43:13] - ID Plantel: 2
[2025-07-11 19:43:13] ANTES - Ejecutivo: Francisco Pineda, Padre anterior: 6, Plantel anterior: 2
[2025-07-11 19:43:13] NUEVO PLANTEL: Plantel Naucalpan (ID: 2)
[2025-07-11 19:43:13] QUERY MOVER: UPDATE ejecutivo SET id_padre = NULL, id_pla = '2' WHERE id_eje = '4'
[2025-07-11 19:43:13] VERIFICACIÓN - Nuevo padre: , Nuevo plantel: 2
[2025-07-11 19:43:13] EJECUTIVO MOVIDO EXITOSAMENTE
[2025-07-11 19:43:13] RESPUESTA ENVIADA: SUCCESS
[2025-07-11 19:43:13] ==============================================
[2025-07-11 19:43:13] REQUEST recibido: Array
(
    [action] => obtener_ejecutivos_con_citas
)

[2025-07-11 19:43:13] Query ejecutivos con citas: SELECT e.id_eje, e.nom_eje, e.tel_eje, e.eli_eje, e.id_padre, e.id_pla, e.ult_eje,
					         p.nom_pla as plantel_principal,
					         COUNT(DISTINCT c.id_cit) as citas_propias,
					         CASE 
					             WHEN e.ult_eje IS NULL THEN 'sin_sesion'
					             WHEN e.ult_eje < DATE_SUB(NOW(), INTERVAL 1 HOUR) THEN 'inactivo'
					             WHEN e.ult_eje < DATE_SUB(NOW(), INTERVAL 30 MINUTE) THEN 'ausente'
					             ELSE 'activo'
					         END as semaforo_sesion
					  FROM ejecutivo e 
					  LEFT JOIN plantel p ON e.id_pla = p.id_pla 
					  LEFT JOIN cita c ON e.id_eje = c.id_eje2 AND c.eli_cit = 1 
					  GROUP BY e.id_eje, e.nom_eje, e.tel_eje, e.eli_eje, e.id_padre, e.id_pla, e.ult_eje, p.nom_pla
					  ORDER BY e.eli_eje DESC, e.nom_eje ASC
[2025-07-11 19:43:13] Ejecutivo ID: 9 - Citas propias: 5 - Citas hijos: 0 - Total: 5
[2025-07-11 19:43:13] Ejecutivo ID: 16 - Citas propias: 5 - Citas hijos: 0 - Total: 5
[2025-07-11 19:43:13] Ejecutivo ID: 11 - Citas propias: 5 - Citas hijos: 0 - Total: 5
[2025-07-11 19:43:13] Ejecutivo ID: 12 - Citas propias: 5 - Citas hijos: 0 - Total: 5
[2025-07-11 19:43:13] Ejecutivo ID: 15 - Citas propias: 5 - Citas hijos: 0 - Total: 5
[2025-07-11 19:43:13] Ejecutivo ID: 18 - Citas propias: 5 - Citas hijos: 0 - Total: 5
[2025-07-11 19:43:13] Ejecutivo ID: 6 - Citas propias: 4 - Citas hijos: 5 - Total: 9
[2025-07-11 19:43:13] Ejecutivo ID: 4 - Citas propias: 6 - Citas hijos: 0 - Total: 6
[2025-07-11 19:43:13] Ejecutivo ID: 18 - Citas propias: 5 - Citas hijos: 0 - Total: 5
[2025-07-11 19:43:13] Ejecutivo ID: 10 - Citas propias: 5 - Citas hijos: 0 - Total: 5
[2025-07-11 19:43:13] Ejecutivo ID: 2 - Citas propias: 5 - Citas hijos: 0 - Total: 5
[2025-07-11 19:43:13] Ejecutivo ID: 10 - Citas propias: 5 - Citas hijos: 0 - Total: 5
[2025-07-11 19:43:13] Ejecutivo ID: 13 - Citas propias: 5 - Citas hijos: 0 - Total: 5
[2025-07-11 19:43:13] Ejecutivo ID: 14 - Citas propias: 5 - Citas hijos: 10 - Total: 15
[2025-07-11 19:43:13] Ejecutivo ID: 20 - Citas propias: 5 - Citas hijos: 0 - Total: 5
[2025-07-11 19:43:13] Ejecutivo ID: 21 - Citas propias: 5 - Citas hijos: 5 - Total: 10
[2025-07-11 19:43:13] Ejecutivo ID: 20 - Citas propias: 5 - Citas hijos: 0 - Total: 5
[2025-07-11 19:43:13] Ejecutivo ID: 13 - Citas propias: 5 - Citas hijos: 0 - Total: 5
[2025-07-11 19:43:13] Ejecutivo ID: 1 - Citas propias: 0 - Citas hijos: 0 - Total: 0
[2025-07-11 19:43:13] Ejecutivos con citas encontrados: 15
[2025-07-11 19:43:16] REQUEST recibido: Array
(
    [action] => obtener_planteles
)

[2025-07-11 19:43:16] Query planteles: SELECT id_pla, nom_pla, fec_pla FROM plantel ORDER BY nom_pla ASC
[2025-07-11 19:43:16] Planteles encontrados: 3
[2025-07-11 19:43:16] REQUEST recibido: Array
(
    [action] => obtener_ejecutivos_con_citas
)

[2025-07-11 19:43:16] Query ejecutivos con citas: SELECT e.id_eje, e.nom_eje, e.tel_eje, e.eli_eje, e.id_padre, e.id_pla, e.ult_eje,
					         p.nom_pla as plantel_principal,
					         COUNT(DISTINCT c.id_cit) as citas_propias,
					         CASE 
					             WHEN e.ult_eje IS NULL THEN 'sin_sesion'
					             WHEN e.ult_eje < DATE_SUB(NOW(), INTERVAL 1 HOUR) THEN 'inactivo'
					             WHEN e.ult_eje < DATE_SUB(NOW(), INTERVAL 30 MINUTE) THEN 'ausente'
					             ELSE 'activo'
					         END as semaforo_sesion
					  FROM ejecutivo e 
					  LEFT JOIN plantel p ON e.id_pla = p.id_pla 
					  LEFT JOIN cita c ON e.id_eje = c.id_eje2 AND c.eli_cit = 1 
					  GROUP BY e.id_eje, e.nom_eje, e.tel_eje, e.eli_eje, e.id_padre, e.id_pla, e.ult_eje, p.nom_pla
					  ORDER BY e.eli_eje DESC, e.nom_eje ASC
[2025-07-11 19:43:16] Ejecutivo ID: 9 - Citas propias: 5 - Citas hijos: 0 - Total: 5
[2025-07-11 19:43:16] Ejecutivo ID: 16 - Citas propias: 5 - Citas hijos: 0 - Total: 5
[2025-07-11 19:43:16] Ejecutivo ID: 11 - Citas propias: 5 - Citas hijos: 0 - Total: 5
[2025-07-11 19:43:16] Ejecutivo ID: 12 - Citas propias: 5 - Citas hijos: 0 - Total: 5
[2025-07-11 19:43:16] Ejecutivo ID: 15 - Citas propias: 5 - Citas hijos: 0 - Total: 5
[2025-07-11 19:43:16] Ejecutivo ID: 18 - Citas propias: 5 - Citas hijos: 0 - Total: 5
[2025-07-11 19:43:16] Ejecutivo ID: 6 - Citas propias: 4 - Citas hijos: 5 - Total: 9
[2025-07-11 19:43:16] Ejecutivo ID: 4 - Citas propias: 6 - Citas hijos: 0 - Total: 6
[2025-07-11 19:43:16] Ejecutivo ID: 18 - Citas propias: 5 - Citas hijos: 0 - Total: 5
[2025-07-11 19:43:16] Ejecutivo ID: 10 - Citas propias: 5 - Citas hijos: 0 - Total: 5
[2025-07-11 19:43:16] Ejecutivo ID: 2 - Citas propias: 5 - Citas hijos: 0 - Total: 5
[2025-07-11 19:43:16] Ejecutivo ID: 10 - Citas propias: 5 - Citas hijos: 0 - Total: 5
[2025-07-11 19:43:16] Ejecutivo ID: 13 - Citas propias: 5 - Citas hijos: 0 - Total: 5
[2025-07-11 19:43:16] Ejecutivo ID: 14 - Citas propias: 5 - Citas hijos: 10 - Total: 15
[2025-07-11 19:43:16] Ejecutivo ID: 20 - Citas propias: 5 - Citas hijos: 0 - Total: 5
[2025-07-11 19:43:16] Ejecutivo ID: 21 - Citas propias: 5 - Citas hijos: 5 - Total: 10
[2025-07-11 19:43:16] Ejecutivo ID: 20 - Citas propias: 5 - Citas hijos: 0 - Total: 5
[2025-07-11 19:43:16] Ejecutivo ID: 13 - Citas propias: 5 - Citas hijos: 0 - Total: 5
[2025-07-11 19:43:16] Ejecutivo ID: 1 - Citas propias: 0 - Citas hijos: 0 - Total: 0
[2025-07-11 19:43:16] Ejecutivos con citas encontrados: 15
[2025-07-11 19:44:42] REQUEST recibido: Array
(
    [action] => obtener_planteles
)

[2025-07-11 19:44:42] Query planteles: SELECT id_pla, nom_pla, fec_pla FROM plantel ORDER BY nom_pla ASC
[2025-07-11 19:44:42] Planteles encontrados: 3
[2025-07-11 19:44:42] REQUEST recibido: Array
(
    [action] => obtener_ejecutivos_con_citas
)

[2025-07-11 19:44:42] Query ejecutivos con citas: SELECT e.id_eje, e.nom_eje, e.tel_eje, e.eli_eje, e.id_padre, e.id_pla, e.ult_eje,
					         p.nom_pla as plantel_principal,
					         COUNT(DISTINCT c.id_cit) as citas_propias,
					         CASE 
					             WHEN e.ult_eje IS NULL THEN 'sin_sesion'
					             WHEN e.ult_eje < DATE_SUB(NOW(), INTERVAL 1 HOUR) THEN 'inactivo'
					             WHEN e.ult_eje < DATE_SUB(NOW(), INTERVAL 30 MINUTE) THEN 'ausente'
					             ELSE 'activo'
					         END as semaforo_sesion
					  FROM ejecutivo e 
					  LEFT JOIN plantel p ON e.id_pla = p.id_pla 
					  LEFT JOIN cita c ON e.id_eje = c.id_eje2 AND c.eli_cit = 1 
					  GROUP BY e.id_eje, e.nom_eje, e.tel_eje, e.eli_eje, e.id_padre, e.id_pla, e.ult_eje, p.nom_pla
					  ORDER BY e.eli_eje DESC, e.nom_eje ASC
[2025-07-11 19:44:42] Ejecutivo ID: 9 - Citas propias: 5 - Citas hijos: 0 - Total: 5
[2025-07-11 19:44:42] Ejecutivo ID: 16 - Citas propias: 5 - Citas hijos: 0 - Total: 5
[2025-07-11 19:44:42] Ejecutivo ID: 11 - Citas propias: 5 - Citas hijos: 0 - Total: 5
[2025-07-11 19:44:42] Ejecutivo ID: 12 - Citas propias: 5 - Citas hijos: 0 - Total: 5
[2025-07-11 19:44:42] Ejecutivo ID: 15 - Citas propias: 5 - Citas hijos: 0 - Total: 5
[2025-07-11 19:44:42] Ejecutivo ID: 6 - Citas propias: 4 - Citas hijos: 0 - Total: 4
[2025-07-11 19:44:42] Ejecutivo ID: 4 - Citas propias: 6 - Citas hijos: 0 - Total: 6
[2025-07-11 19:44:42] Ejecutivo ID: 18 - Citas propias: 5 - Citas hijos: 0 - Total: 5
[2025-07-11 19:44:42] Ejecutivo ID: 10 - Citas propias: 5 - Citas hijos: 0 - Total: 5
[2025-07-11 19:44:42] Ejecutivo ID: 2 - Citas propias: 5 - Citas hijos: 0 - Total: 5
[2025-07-11 19:44:42] Ejecutivo ID: 10 - Citas propias: 5 - Citas hijos: 0 - Total: 5
[2025-07-11 19:44:43] Ejecutivo ID: 13 - Citas propias: 5 - Citas hijos: 0 - Total: 5
[2025-07-11 19:44:43] Ejecutivo ID: 14 - Citas propias: 5 - Citas hijos: 10 - Total: 15
[2025-07-11 19:44:43] Ejecutivo ID: 20 - Citas propias: 5 - Citas hijos: 0 - Total: 5
[2025-07-11 19:44:43] Ejecutivo ID: 21 - Citas propias: 5 - Citas hijos: 5 - Total: 10
[2025-07-11 19:44:43] Ejecutivo ID: 20 - Citas propias: 5 - Citas hijos: 0 - Total: 5
[2025-07-11 19:44:43] Ejecutivo ID: 13 - Citas propias: 5 - Citas hijos: 0 - Total: 5
[2025-07-11 19:44:43] Ejecutivo ID: 1 - Citas propias: 0 - Citas hijos: 0 - Total: 0
[2025-07-11 19:44:43] Ejecutivos con citas encontrados: 15
[2025-07-11 19:45:24] REQUEST recibido: Array
(
    [action] => obtener_planteles
)

[2025-07-11 19:45:24] Query planteles: SELECT id_pla, nom_pla, fec_pla FROM plantel ORDER BY nom_pla ASC
[2025-07-11 19:45:24] Planteles encontrados: 3
[2025-07-11 19:45:24] REQUEST recibido: Array
(
    [action] => obtener_ejecutivos_con_citas
)

[2025-07-11 19:45:24] Query ejecutivos con citas: SELECT e.id_eje, e.nom_eje, e.tel_eje, e.eli_eje, e.id_padre, e.id_pla, e.ult_eje,
					         p.nom_pla as plantel_principal,
					         COUNT(DISTINCT c.id_cit) as citas_propias,
					         CASE 
					             WHEN e.ult_eje IS NULL THEN 'sin_sesion'
					             WHEN e.ult_eje < DATE_SUB(NOW(), INTERVAL 1 HOUR) THEN 'inactivo'
					             WHEN e.ult_eje < DATE_SUB(NOW(), INTERVAL 30 MINUTE) THEN 'ausente'
					             ELSE 'activo'
					         END as semaforo_sesion
					  FROM ejecutivo e 
					  LEFT JOIN plantel p ON e.id_pla = p.id_pla 
					  LEFT JOIN cita c ON e.id_eje = c.id_eje2 AND c.eli_cit = 1 
					  GROUP BY e.id_eje, e.nom_eje, e.tel_eje, e.eli_eje, e.id_padre, e.id_pla, e.ult_eje, p.nom_pla
					  ORDER BY e.eli_eje DESC, e.nom_eje ASC
[2025-07-11 19:45:24] Ejecutivo ID: 9 - Citas propias: 5 - Citas hijos: 0 - Total: 5
[2025-07-11 19:45:24] Ejecutivo ID: 16 - Citas propias: 5 - Citas hijos: 0 - Total: 5
[2025-07-11 19:45:24] Ejecutivo ID: 11 - Citas propias: 5 - Citas hijos: 0 - Total: 5
[2025-07-11 19:45:24] Ejecutivo ID: 12 - Citas propias: 5 - Citas hijos: 0 - Total: 5
[2025-07-11 19:45:24] Ejecutivo ID: 15 - Citas propias: 5 - Citas hijos: 0 - Total: 5
[2025-07-11 19:45:24] Ejecutivo ID: 18 - Citas propias: 5 - Citas hijos: 0 - Total: 5
[2025-07-11 19:45:24] Ejecutivo ID: 6 - Citas propias: 4 - Citas hijos: 0 - Total: 4
[2025-07-11 19:45:24] Ejecutivo ID: 4 - Citas propias: 6 - Citas hijos: 0 - Total: 6
[2025-07-11 19:45:24] Ejecutivo ID: 10 - Citas propias: 5 - Citas hijos: 0 - Total: 5
[2025-07-11 19:45:24] Ejecutivo ID: 2 - Citas propias: 5 - Citas hijos: 0 - Total: 5
[2025-07-11 19:45:24] Ejecutivo ID: 10 - Citas propias: 5 - Citas hijos: 0 - Total: 5
[2025-07-11 19:45:24] Ejecutivo ID: 13 - Citas propias: 5 - Citas hijos: 0 - Total: 5
[2025-07-11 19:45:24] Ejecutivo ID: 14 - Citas propias: 5 - Citas hijos: 10 - Total: 15
[2025-07-11 19:45:24] Ejecutivo ID: 20 - Citas propias: 5 - Citas hijos: 0 - Total: 5
[2025-07-11 19:45:24] Ejecutivo ID: 21 - Citas propias: 5 - Citas hijos: 5 - Total: 10
[2025-07-11 19:45:24] Ejecutivo ID: 20 - Citas propias: 5 - Citas hijos: 0 - Total: 5
[2025-07-11 19:45:24] Ejecutivo ID: 13 - Citas propias: 5 - Citas hijos: 0 - Total: 5
[2025-07-11 19:45:24] Ejecutivo ID: 1 - Citas propias: 0 - Citas hijos: 0 - Total: 0
[2025-07-11 19:45:24] Ejecutivos con citas encontrados: 15
[2025-07-11 19:46:07] REQUEST recibido: Array
(
    [action] => obtener_planteles
)

[2025-07-11 19:46:07] Query planteles: SELECT id_pla, nom_pla, fec_pla FROM plantel ORDER BY nom_pla ASC
[2025-07-11 19:46:07] Planteles encontrados: 3
[2025-07-11 19:46:07] REQUEST recibido: Array
(
    [action] => obtener_ejecutivos_con_citas
)

[2025-07-11 19:46:07] Query ejecutivos con citas: SELECT e.id_eje, e.nom_eje, e.tel_eje, e.eli_eje, e.id_padre, e.id_pla, e.ult_eje,
					         p.nom_pla as plantel_principal,
					         COUNT(DISTINCT c.id_cit) as citas_propias,
					         CASE 
					             WHEN e.ult_eje IS NULL THEN 'sin_sesion'
					             WHEN e.ult_eje < DATE_SUB(NOW(), INTERVAL 1 HOUR) THEN 'inactivo'
					             WHEN e.ult_eje < DATE_SUB(NOW(), INTERVAL 30 MINUTE) THEN 'ausente'
					             ELSE 'activo'
					         END as semaforo_sesion
					  FROM ejecutivo e 
					  LEFT JOIN plantel p ON e.id_pla = p.id_pla 
					  LEFT JOIN cita c ON e.id_eje = c.id_eje2 AND c.eli_cit = 1 
					  GROUP BY e.id_eje, e.nom_eje, e.tel_eje, e.eli_eje, e.id_padre, e.id_pla, e.ult_eje, p.nom_pla
					  ORDER BY e.eli_eje DESC, e.nom_eje ASC
[2025-07-11 19:46:07] Ejecutivo ID: 9 - Citas propias: 5 - Citas hijos: 0 - Total: 5
[2025-07-11 19:46:07] Ejecutivo ID: 16 - Citas propias: 5 - Citas hijos: 0 - Total: 5
[2025-07-11 19:46:07] Ejecutivo ID: 11 - Citas propias: 5 - Citas hijos: 0 - Total: 5
[2025-07-11 19:46:07] Ejecutivo ID: 12 - Citas propias: 5 - Citas hijos: 0 - Total: 5
[2025-07-11 19:46:07] Ejecutivo ID: 15 - Citas propias: 5 - Citas hijos: 0 - Total: 5
[2025-07-11 19:46:07] Ejecutivo ID: 18 - Citas propias: 5 - Citas hijos: 0 - Total: 5
[2025-07-11 19:46:07] Ejecutivo ID: 6 - Citas propias: 4 - Citas hijos: 0 - Total: 4
[2025-07-11 19:46:07] Ejecutivo ID: 4 - Citas propias: 6 - Citas hijos: 0 - Total: 6
[2025-07-11 19:46:07] Ejecutivo ID: 10 - Citas propias: 5 - Citas hijos: 0 - Total: 5
[2025-07-11 19:46:07] Ejecutivo ID: 2 - Citas propias: 5 - Citas hijos: 0 - Total: 5
[2025-07-11 19:46:07] Ejecutivo ID: 10 - Citas propias: 5 - Citas hijos: 0 - Total: 5
[2025-07-11 19:46:07] Ejecutivo ID: 13 - Citas propias: 5 - Citas hijos: 0 - Total: 5
[2025-07-11 19:46:07] Ejecutivo ID: 14 - Citas propias: 5 - Citas hijos: 10 - Total: 15
[2025-07-11 19:46:07] Ejecutivo ID: 20 - Citas propias: 5 - Citas hijos: 0 - Total: 5
[2025-07-11 19:46:07] Ejecutivo ID: 21 - Citas propias: 5 - Citas hijos: 5 - Total: 10
[2025-07-11 19:46:07] Ejecutivo ID: 20 - Citas propias: 5 - Citas hijos: 0 - Total: 5
[2025-07-11 19:46:07] Ejecutivo ID: 13 - Citas propias: 5 - Citas hijos: 0 - Total: 5
[2025-07-11 19:46:07] Ejecutivo ID: 1 - Citas propias: 0 - Citas hijos: 0 - Total: 0
[2025-07-11 19:46:07] Ejecutivos con citas encontrados: 15
[2025-07-11 19:46:28] REQUEST recibido: Array
(
    [action] => obtener_planteles
)

[2025-07-11 19:46:28] Query planteles: SELECT id_pla, nom_pla, fec_pla FROM plantel ORDER BY nom_pla ASC
[2025-07-11 19:46:28] Planteles encontrados: 3
[2025-07-11 19:46:28] REQUEST recibido: Array
(
    [action] => obtener_ejecutivos_con_citas
)

[2025-07-11 19:46:28] Query ejecutivos con citas: SELECT e.id_eje, e.nom_eje, e.tel_eje, e.eli_eje, e.id_padre, e.id_pla, e.ult_eje,
					         p.nom_pla as plantel_principal,
					         COUNT(DISTINCT c.id_cit) as citas_propias,
					         CASE 
					             WHEN e.ult_eje IS NULL THEN 'sin_sesion'
					             WHEN e.ult_eje < DATE_SUB(NOW(), INTERVAL 1 HOUR) THEN 'inactivo'
					             WHEN e.ult_eje < DATE_SUB(NOW(), INTERVAL 30 MINUTE) THEN 'ausente'
					             ELSE 'activo'
					         END as semaforo_sesion
					  FROM ejecutivo e 
					  LEFT JOIN plantel p ON e.id_pla = p.id_pla 
					  LEFT JOIN cita c ON e.id_eje = c.id_eje2 AND c.eli_cit = 1 
					  GROUP BY e.id_eje, e.nom_eje, e.tel_eje, e.eli_eje, e.id_padre, e.id_pla, e.ult_eje, p.nom_pla
					  ORDER BY e.eli_eje DESC, e.nom_eje ASC
[2025-07-11 19:46:28] Ejecutivo ID: 9 - Citas propias: 5 - Citas hijos: 0 - Total: 5
[2025-07-11 19:46:28] Ejecutivo ID: 16 - Citas propias: 5 - Citas hijos: 0 - Total: 5
[2025-07-11 19:46:28] Ejecutivo ID: 11 - Citas propias: 5 - Citas hijos: 0 - Total: 5
[2025-07-11 19:46:28] Ejecutivo ID: 12 - Citas propias: 5 - Citas hijos: 0 - Total: 5
[2025-07-11 19:46:28] Ejecutivo ID: 15 - Citas propias: 5 - Citas hijos: 0 - Total: 5
[2025-07-11 19:46:28] Ejecutivo ID: 18 - Citas propias: 5 - Citas hijos: 0 - Total: 5
[2025-07-11 19:46:28] Ejecutivo ID: 6 - Citas propias: 4 - Citas hijos: 0 - Total: 4
[2025-07-11 19:46:28] Ejecutivo ID: 4 - Citas propias: 6 - Citas hijos: 0 - Total: 6
[2025-07-11 19:46:28] Ejecutivo ID: 10 - Citas propias: 5 - Citas hijos: 0 - Total: 5
[2025-07-11 19:46:28] Ejecutivo ID: 2 - Citas propias: 5 - Citas hijos: 0 - Total: 5
[2025-07-11 19:46:28] Ejecutivo ID: 10 - Citas propias: 5 - Citas hijos: 0 - Total: 5
[2025-07-11 19:46:28] Ejecutivo ID: 13 - Citas propias: 5 - Citas hijos: 0 - Total: 5
[2025-07-11 19:46:28] Ejecutivo ID: 14 - Citas propias: 5 - Citas hijos: 10 - Total: 15
[2025-07-11 19:46:28] Ejecutivo ID: 20 - Citas propias: 5 - Citas hijos: 0 - Total: 5
[2025-07-11 19:46:28] Ejecutivo ID: 21 - Citas propias: 5 - Citas hijos: 5 - Total: 10
[2025-07-11 19:46:28] Ejecutivo ID: 20 - Citas propias: 5 - Citas hijos: 0 - Total: 5
[2025-07-11 19:46:28] Ejecutivo ID: 13 - Citas propias: 5 - Citas hijos: 0 - Total: 5
[2025-07-11 19:46:28] Ejecutivo ID: 1 - Citas propias: 0 - Citas hijos: 0 - Total: 0
[2025-07-11 19:46:28] Ejecutivos con citas encontrados: 15
[2025-07-11 19:52:45] REQUEST recibido: Array
(
    [action] => obtener_planteles
)

[2025-07-11 19:52:45] Query planteles: SELECT id_pla, nom_pla, fec_pla FROM plantel ORDER BY nom_pla ASC
[2025-07-11 19:52:45] Planteles encontrados: 3
[2025-07-11 19:52:45] REQUEST recibido: Array
(
    [action] => obtener_ejecutivos_con_citas
)

[2025-07-11 19:52:45] Query ejecutivos con citas: SELECT e.id_eje, e.nom_eje, e.tel_eje, e.eli_eje, e.id_padre, e.id_pla, e.ult_eje,
					         p.nom_pla as plantel_principal,
					         COUNT(DISTINCT c.id_cit) as citas_propias,
					         CASE 
					             WHEN e.ult_eje IS NULL THEN 'sin_sesion'
					             WHEN e.ult_eje < DATE_SUB(NOW(), INTERVAL 1 HOUR) THEN 'inactivo'
					             WHEN e.ult_eje < DATE_SUB(NOW(), INTERVAL 30 MINUTE) THEN 'ausente'
					             ELSE 'activo'
					         END as semaforo_sesion
					  FROM ejecutivo e 
					  LEFT JOIN plantel p ON e.id_pla = p.id_pla 
					  LEFT JOIN cita c ON e.id_eje = c.id_eje2 AND c.eli_cit = 1 
					  GROUP BY e.id_eje, e.nom_eje, e.tel_eje, e.eli_eje, e.id_padre, e.id_pla, e.ult_eje, p.nom_pla
					  ORDER BY e.eli_eje DESC, e.nom_eje ASC
[2025-07-11 19:52:45] Ejecutivo ID: 9 - Citas propias: 5 - Citas hijos: 0 - Total: 5
[2025-07-11 19:52:45] Ejecutivo ID: 16 - Citas propias: 5 - Citas hijos: 0 - Total: 5
[2025-07-11 19:52:45] Ejecutivo ID: 11 - Citas propias: 5 - Citas hijos: 0 - Total: 5
[2025-07-11 19:52:45] Ejecutivo ID: 12 - Citas propias: 5 - Citas hijos: 0 - Total: 5
[2025-07-11 19:52:45] Ejecutivo ID: 15 - Citas propias: 5 - Citas hijos: 0 - Total: 5
[2025-07-11 19:52:45] Ejecutivo ID: 18 - Citas propias: 5 - Citas hijos: 0 - Total: 5
[2025-07-11 19:52:45] Ejecutivo ID: 6 - Citas propias: 4 - Citas hijos: 0 - Total: 4
[2025-07-11 19:52:45] Ejecutivo ID: 4 - Citas propias: 6 - Citas hijos: 0 - Total: 6
[2025-07-11 19:52:45] Ejecutivo ID: 10 - Citas propias: 5 - Citas hijos: 0 - Total: 5
[2025-07-11 19:52:45] Ejecutivo ID: 2 - Citas propias: 5 - Citas hijos: 0 - Total: 5
[2025-07-11 19:52:45] Ejecutivo ID: 10 - Citas propias: 5 - Citas hijos: 0 - Total: 5
[2025-07-11 19:52:45] Ejecutivo ID: 13 - Citas propias: 5 - Citas hijos: 0 - Total: 5
[2025-07-11 19:52:45] Ejecutivo ID: 14 - Citas propias: 5 - Citas hijos: 10 - Total: 15
[2025-07-11 19:52:45] Ejecutivo ID: 20 - Citas propias: 5 - Citas hijos: 0 - Total: 5
[2025-07-11 19:52:45] Ejecutivo ID: 21 - Citas propias: 5 - Citas hijos: 5 - Total: 10
[2025-07-11 19:52:45] Ejecutivo ID: 20 - Citas propias: 5 - Citas hijos: 0 - Total: 5
[2025-07-11 19:52:45] Ejecutivo ID: 13 - Citas propias: 5 - Citas hijos: 0 - Total: 5
[2025-07-11 19:52:45] Ejecutivo ID: 1 - Citas propias: 0 - Citas hijos: 0 - Total: 0
[2025-07-11 19:52:45] Ejecutivos con citas encontrados: 15
[2025-07-11 19:52:51] REQUEST recibido: Array
(
    [action] => mover_ejecutivo
    [id_eje] => 6
    [id_padre] => 4
    [id_pla] => 2
)

[2025-07-11 19:52:51] ==============================================
[2025-07-11 19:52:51] MOVER EJECUTIVO - REQUEST RECIBIDO
[2025-07-11 19:52:51] POST data completo: Array
(
    [action] => mover_ejecutivo
    [id_eje] => 6
    [id_padre] => 4
    [id_pla] => 2
)

[2025-07-11 19:52:51] Valores procesados:
[2025-07-11 19:52:51] - ID Ejecutivo: 6
[2025-07-11 19:52:51] - ID Padre: 4
[2025-07-11 19:52:51] - ID Plantel: 2
[2025-07-11 19:52:51] ANTES - Ejecutivo: Fatima Nava, Padre anterior: , Plantel anterior: 2
[2025-07-11 19:52:51] NUEVO PADRE: Francisco Pineda (ID: 4)
[2025-07-11 19:52:51] NUEVO PLANTEL: Plantel Naucalpan (ID: 2)
[2025-07-11 19:52:51] QUERY MOVER: UPDATE ejecutivo SET id_padre = '4', id_pla = '2' WHERE id_eje = '6'
[2025-07-11 19:52:51] VERIFICACIÓN - Nuevo padre: 4, Nuevo plantel: 2
[2025-07-11 19:52:51] EJECUTIVO MOVIDO EXITOSAMENTE
[2025-07-11 19:52:51] RESPUESTA ENVIADA: SUCCESS
[2025-07-11 19:52:51] ==============================================
[2025-07-11 19:52:51] REQUEST recibido: Array
(
    [action] => obtener_ejecutivos_con_citas
)

[2025-07-11 19:52:51] Query ejecutivos con citas: SELECT e.id_eje, e.nom_eje, e.tel_eje, e.eli_eje, e.id_padre, e.id_pla, e.ult_eje,
					         p.nom_pla as plantel_principal,
					         COUNT(DISTINCT c.id_cit) as citas_propias,
					         CASE 
					             WHEN e.ult_eje IS NULL THEN 'sin_sesion'
					             WHEN e.ult_eje < DATE_SUB(NOW(), INTERVAL 1 HOUR) THEN 'inactivo'
					             WHEN e.ult_eje < DATE_SUB(NOW(), INTERVAL 30 MINUTE) THEN 'ausente'
					             ELSE 'activo'
					         END as semaforo_sesion
					  FROM ejecutivo e 
					  LEFT JOIN plantel p ON e.id_pla = p.id_pla 
					  LEFT JOIN cita c ON e.id_eje = c.id_eje2 AND c.eli_cit = 1 
					  GROUP BY e.id_eje, e.nom_eje, e.tel_eje, e.eli_eje, e.id_padre, e.id_pla, e.ult_eje, p.nom_pla
					  ORDER BY e.eli_eje DESC, e.nom_eje ASC
[2025-07-11 19:52:51] Ejecutivo ID: 9 - Citas propias: 5 - Citas hijos: 0 - Total: 5
[2025-07-11 19:52:51] Ejecutivo ID: 16 - Citas propias: 5 - Citas hijos: 0 - Total: 5
[2025-07-11 19:52:51] Ejecutivo ID: 11 - Citas propias: 5 - Citas hijos: 0 - Total: 5
[2025-07-11 19:52:51] Ejecutivo ID: 12 - Citas propias: 5 - Citas hijos: 0 - Total: 5
[2025-07-11 19:52:51] Ejecutivo ID: 15 - Citas propias: 5 - Citas hijos: 0 - Total: 5
[2025-07-11 19:52:51] Ejecutivo ID: 18 - Citas propias: 5 - Citas hijos: 0 - Total: 5
[2025-07-11 19:52:51] Ejecutivo ID: 6 - Citas propias: 4 - Citas hijos: 0 - Total: 4
[2025-07-11 19:52:51] Ejecutivo ID: 6 - Citas propias: 4 - Citas hijos: 0 - Total: 4
[2025-07-11 19:52:51] Ejecutivo ID: 4 - Citas propias: 6 - Citas hijos: 4 - Total: 10
[2025-07-11 19:52:51] Ejecutivo ID: 10 - Citas propias: 5 - Citas hijos: 0 - Total: 5
[2025-07-11 19:52:51] Ejecutivo ID: 2 - Citas propias: 5 - Citas hijos: 0 - Total: 5
[2025-07-11 19:52:51] Ejecutivo ID: 10 - Citas propias: 5 - Citas hijos: 0 - Total: 5
[2025-07-11 19:52:51] Ejecutivo ID: 13 - Citas propias: 5 - Citas hijos: 0 - Total: 5
[2025-07-11 19:52:51] Ejecutivo ID: 14 - Citas propias: 5 - Citas hijos: 10 - Total: 15
[2025-07-11 19:52:51] Ejecutivo ID: 20 - Citas propias: 5 - Citas hijos: 0 - Total: 5
[2025-07-11 19:52:51] Ejecutivo ID: 21 - Citas propias: 5 - Citas hijos: 5 - Total: 10
[2025-07-11 19:52:51] Ejecutivo ID: 20 - Citas propias: 5 - Citas hijos: 0 - Total: 5
[2025-07-11 19:52:51] Ejecutivo ID: 13 - Citas propias: 5 - Citas hijos: 0 - Total: 5
[2025-07-11 19:52:51] Ejecutivo ID: 1 - Citas propias: 0 - Citas hijos: 0 - Total: 0
[2025-07-11 19:52:51] Ejecutivos con citas encontrados: 15
[2025-07-11 19:55:44] REQUEST recibido: Array
(
    [action] => obtener_ejecutivos_con_citas
)

[2025-07-11 19:55:44] Query ejecutivos con citas: SELECT e.id_eje, e.nom_eje, e.tel_eje, e.eli_eje, e.id_padre, e.id_pla, e.ult_eje,
					         p.nom_pla as plantel_principal,
					         COUNT(DISTINCT c.id_cit) as citas_propias,
					         CASE 
					             WHEN e.ult_eje IS NULL THEN 'sin_sesion'
					             WHEN e.ult_eje < DATE_SUB(NOW(), INTERVAL 1 HOUR) THEN 'inactivo'
					             WHEN e.ult_eje < DATE_SUB(NOW(), INTERVAL 30 MINUTE) THEN 'ausente'
					             ELSE 'activo'
					         END as semaforo_sesion
					  FROM ejecutivo e 
					  LEFT JOIN plantel p ON e.id_pla = p.id_pla 
					  LEFT JOIN cita c ON e.id_eje = c.id_eje2 AND c.eli_cit = 1 
					  GROUP BY e.id_eje, e.nom_eje, e.tel_eje, e.eli_eje, e.id_padre, e.id_pla, e.ult_eje, p.nom_pla
					  ORDER BY e.eli_eje DESC, e.nom_eje ASC
[2025-07-11 19:55:44] Ejecutivo ID: 9 - Citas propias: 5 - Citas hijos: 0 - Total: 5
[2025-07-11 19:55:44] Ejecutivo ID: 16 - Citas propias: 5 - Citas hijos: 0 - Total: 5
[2025-07-11 19:55:44] Ejecutivo ID: 11 - Citas propias: 5 - Citas hijos: 0 - Total: 5
[2025-07-11 19:55:44] Ejecutivo ID: 12 - Citas propias: 5 - Citas hijos: 0 - Total: 5
[2025-07-11 19:55:44] Ejecutivo ID: 15 - Citas propias: 5 - Citas hijos: 0 - Total: 5
[2025-07-11 19:55:44] Ejecutivo ID: 18 - Citas propias: 5 - Citas hijos: 0 - Total: 5
[2025-07-11 19:55:44] Ejecutivo ID: 6 - Citas propias: 4 - Citas hijos: 0 - Total: 4
[2025-07-11 19:55:44] Ejecutivo ID: 6 - Citas propias: 4 - Citas hijos: 0 - Total: 4
[2025-07-11 19:55:44] Ejecutivo ID: 4 - Citas propias: 6 - Citas hijos: 4 - Total: 10
[2025-07-11 19:55:44] Ejecutivo ID: 10 - Citas propias: 5 - Citas hijos: 0 - Total: 5
[2025-07-11 19:55:44] Ejecutivo ID: 2 - Citas propias: 5 - Citas hijos: 0 - Total: 5
[2025-07-11 19:55:44] Ejecutivo ID: 10 - Citas propias: 5 - Citas hijos: 0 - Total: 5
[2025-07-11 19:55:44] Ejecutivo ID: 13 - Citas propias: 5 - Citas hijos: 0 - Total: 5
[2025-07-11 19:55:44] Ejecutivo ID: 14 - Citas propias: 5 - Citas hijos: 10 - Total: 15
[2025-07-11 19:55:44] Ejecutivo ID: 20 - Citas propias: 5 - Citas hijos: 0 - Total: 5
[2025-07-11 19:55:44] Ejecutivo ID: 21 - Citas propias: 5 - Citas hijos: 5 - Total: 10
[2025-07-11 19:55:44] Ejecutivo ID: 20 - Citas propias: 5 - Citas hijos: 0 - Total: 5
[2025-07-11 19:55:44] Ejecutivo ID: 13 - Citas propias: 5 - Citas hijos: 0 - Total: 5
[2025-07-11 19:55:44] Ejecutivo ID: 1 - Citas propias: 0 - Citas hijos: 0 - Total: 0
[2025-07-11 19:55:44] Ejecutivos con citas encontrados: 15
